{"F:\\trae\\Muti_sheet-master\\apps\\web\\playwright.config.ts": {"path":"F:\\trae\\Muti_sheet-master\\apps\\web\\playwright.config.ts","all":true,"statementMap":{"0":{"start":{"line":1,"column":0},"end":{"line":1,"column":57}},"2":{"start":{"line":3,"column":0},"end":{"line":3,"column":29}},"3":{"start":{"line":4,"column":0},"end":{"line":4,"column":25}},"4":{"start":{"line":5,"column":0},"end":{"line":5,"column":8}},"5":{"start":{"line":6,"column":0},"end":{"line":6,"column":37}},"6":{"start":{"line":7,"column":0},"end":{"line":7,"column":28}},"7":{"start":{"line":8,"column":0},"end":{"line":8,"column":4}},"8":{"start":{"line":9,"column":0},"end":{"line":9,"column":14}},"9":{"start":{"line":10,"column":0},"end":{"line":10,"column":28}},"10":{"start":{"line":11,"column":0},"end":{"line":11,"column":15}},"11":{"start":{"line":12,"column":0},"end":{"line":12,"column":30}},"12":{"start":{"line":13,"column":0},"end":{"line":13,"column":21}},"13":{"start":{"line":14,"column":0},"end":{"line":14,"column":4}},"14":{"start":{"line":15,"column":0},"end":{"line":15,"column":13}},"15":{"start":{"line":16,"column":0},"end":{"line":16,"column":57}},"16":{"start":{"line":17,"column":0},"end":{"line":17,"column":4}},"17":{"start":{"line":18,"column":0},"end":{"line":18,"column":3}}},"s":{"0":0,"2":0,"3":0,"4":0,"5":0,"6":0,"7":0,"8":0,"9":0,"10":0,"11":0,"12":0,"13":0,"14":0,"15":0,"16":0,"17":0},"branchMap":{"0":{"type":"branch","line":1,"loc":{"start":{"line":1,"column":0},"end":{"line":18,"column":-91}},"locations":[{"start":{"line":1,"column":0},"end":{"line":18,"column":-91}}]}},"b":{"0":[0]},"fnMap":{"0":{"name":"(empty-report)","decl":{"start":{"line":1,"column":0},"end":{"line":18,"column":-91}},"loc":{"start":{"line":1,"column":0},"end":{"line":18,"column":-91}},"line":1}},"f":{"0":0}}
,"F:\\trae\\Muti_sheet-master\\apps\\web\\src\\App.tsx": {"path":"F:\\trae\\Muti_sheet-master\\apps\\web\\src\\App.tsx","all":true,"statementMap":{"0":{"start":{"line":1,"column":0},"end":{"line":1,"column":68}},"39":{"start":{"line":40,"column":0},"end":{"line":40,"column":40}},"40":{"start":{"line":41,"column":0},"end":{"line":41,"column":31}},"41":{"start":{"line":42,"column":0},"end":{"line":42,"column":32}},"42":{"start":{"line":43,"column":0},"end":{"line":43,"column":31}},"43":{"start":{"line":44,"column":0},"end":{"line":44,"column":2}},"45":{"start":{"line":46,"column":0},"end":{"line":46,"column":27}},"46":{"start":{"line":47,"column":0},"end":{"line":47,"column":31}},"47":{"start":{"line":48,"column":0},"end":{"line":48,"column":29}},"48":{"start":{"line":49,"column":0},"end":{"line":49,"column":31}},"49":{"start":{"line":50,"column":0},"end":{"line":50,"column":2}},"51":{"start":{"line":52,"column":0},"end":{"line":52,"column":53}},"52":{"start":{"line":53,"column":0},"end":{"line":53,"column":55}},"53":{"start":{"line":54,"column":0},"end":{"line":54,"column":23}},"54":{"start":{"line":55,"column":0},"end":{"line":55,"column":24}},"55":{"start":{"line":56,"column":0},"end":{"line":56,"column":45}},"56":{"start":{"line":57,"column":0},"end":{"line":57,"column":51}},"57":{"start":{"line":58,"column":0},"end":{"line":58,"column":60}},"58":{"start":{"line":59,"column":0},"end":{"line":59,"column":61}},"59":{"start":{"line":60,"column":0},"end":{"line":60,"column":46}},"60":{"start":{"line":61,"column":0},"end":{"line":61,"column":42}},"61":{"start":{"line":62,"column":0},"end":{"line":62,"column":6}},"62":{"start":{"line":63,"column":0},"end":{"line":63,"column":1}},"64":{"start":{"line":65,"column":0},"end":{"line":65,"column":48}},"68":{"start":{"line":69,"column":0},"end":{"line":69,"column":4}},"69":{"start":{"line":70,"column":0},"end":{"line":70,"column":24}},"70":{"start":{"line":71,"column":0},"end":{"line":71,"column":84}},"71":{"start":{"line":72,"column":0},"end":{"line":72,"column":3}},"72":{"start":{"line":73,"column":0},"end":{"line":73,"column":26}},"73":{"start":{"line":74,"column":0},"end":{"line":74,"column":105}},"74":{"start":{"line":75,"column":0},"end":{"line":75,"column":3}},"75":{"start":{"line":76,"column":0},"end":{"line":76,"column":24}},"76":{"start":{"line":77,"column":0},"end":{"line":77,"column":61}},"77":{"start":{"line":78,"column":0},"end":{"line":78,"column":107}},"78":{"start":{"line":79,"column":0},"end":{"line":79,"column":3}},"79":{"start":{"line":80,"column":0},"end":{"line":80,"column":26}},"80":{"start":{"line":81,"column":0},"end":{"line":81,"column":12}},"81":{"start":{"line":82,"column":0},"end":{"line":82,"column":124}},"82":{"start":{"line":83,"column":0},"end":{"line":83,"column":37}},"83":{"start":{"line":84,"column":0},"end":{"line":84,"column":38}},"84":{"start":{"line":85,"column":0},"end":{"line":85,"column":66}},"85":{"start":{"line":86,"column":0},"end":{"line":86,"column":11}},"86":{"start":{"line":87,"column":0},"end":{"line":87,"column":15}},"88":{"start":{"line":89,"column":0},"end":{"line":89,"column":3}},"89":{"start":{"line":90,"column":0},"end":{"line":90,"column":31}},"90":{"start":{"line":91,"column":0},"end":{"line":91,"column":12}},"91":{"start":{"line":92,"column":0},"end":{"line":92,"column":75}},"92":{"start":{"line":93,"column":0},"end":{"line":93,"column":26}},"93":{"start":{"line":94,"column":0},"end":{"line":94,"column":84}},"94":{"start":{"line":95,"column":0},"end":{"line":95,"column":97}},"95":{"start":{"line":96,"column":0},"end":{"line":96,"column":11}},"96":{"start":{"line":97,"column":0},"end":{"line":97,"column":38}},"97":{"start":{"line":98,"column":0},"end":{"line":98,"column":66}},"98":{"start":{"line":99,"column":0},"end":{"line":99,"column":11}},"99":{"start":{"line":100,"column":0},"end":{"line":100,"column":15}},"101":{"start":{"line":102,"column":0},"end":{"line":102,"column":3}},"102":{"start":{"line":103,"column":0},"end":{"line":103,"column":28}},"103":{"start":{"line":104,"column":0},"end":{"line":104,"column":105}},"104":{"start":{"line":105,"column":0},"end":{"line":105,"column":3}},"105":{"start":{"line":106,"column":0},"end":{"line":106,"column":24}},"106":{"start":{"line":107,"column":0},"end":{"line":107,"column":12}},"107":{"start":{"line":108,"column":0},"end":{"line":108,"column":119}},"108":{"start":{"line":109,"column":0},"end":{"line":109,"column":37}},"109":{"start":{"line":110,"column":0},"end":{"line":110,"column":31}},"110":{"start":{"line":111,"column":0},"end":{"line":111,"column":59}},"111":{"start":{"line":112,"column":0},"end":{"line":112,"column":11}},"112":{"start":{"line":113,"column":0},"end":{"line":113,"column":15}},"114":{"start":{"line":115,"column":0},"end":{"line":115,"column":3}},"115":{"start":{"line":116,"column":0},"end":{"line":116,"column":18}},"116":{"start":{"line":117,"column":0},"end":{"line":117,"column":1}},"118":{"start":{"line":119,"column":0},"end":{"line":119,"column":31}},"119":{"start":{"line":120,"column":0},"end":{"line":120,"column":30}},"120":{"start":{"line":121,"column":0},"end":{"line":121,"column":62}},"122":{"start":{"line":123,"column":0},"end":{"line":123,"column":46}},"123":{"start":{"line":124,"column":0},"end":{"line":124,"column":53}},"124":{"start":{"line":125,"column":0},"end":{"line":125,"column":53}},"125":{"start":{"line":126,"column":0},"end":{"line":126,"column":5}},"126":{"start":{"line":127,"column":0},"end":{"line":127,"column":69}},"127":{"start":{"line":128,"column":0},"end":{"line":128,"column":56}},"129":{"start":{"line":130,"column":0},"end":{"line":130,"column":92}},"131":{"start":{"line":132,"column":0},"end":{"line":132,"column":77}},"132":{"start":{"line":133,"column":0},"end":{"line":133,"column":59}},"133":{"start":{"line":134,"column":0},"end":{"line":134,"column":60}},"134":{"start":{"line":135,"column":0},"end":{"line":135,"column":23}},"135":{"start":{"line":136,"column":0},"end":{"line":136,"column":88}},"136":{"start":{"line":137,"column":0},"end":{"line":137,"column":64}},"137":{"start":{"line":138,"column":0},"end":{"line":138,"column":76}},"138":{"start":{"line":139,"column":0},"end":{"line":139,"column":54}},"139":{"start":{"line":140,"column":0},"end":{"line":140,"column":52}},"143":{"start":{"line":144,"column":0},"end":{"line":144,"column":99}},"144":{"start":{"line":145,"column":0},"end":{"line":145,"column":54}},"145":{"start":{"line":146,"column":0},"end":{"line":146,"column":56}},"146":{"start":{"line":147,"column":0},"end":{"line":147,"column":60}},"147":{"start":{"line":148,"column":0},"end":{"line":148,"column":56}},"148":{"start":{"line":149,"column":0},"end":{"line":149,"column":60}},"149":{"start":{"line":150,"column":0},"end":{"line":150,"column":64}},"150":{"start":{"line":151,"column":0},"end":{"line":151,"column":60}},"151":{"start":{"line":152,"column":0},"end":{"line":152,"column":56}},"152":{"start":{"line":153,"column":0},"end":{"line":153,"column":4}},"153":{"start":{"line":154,"column":0},"end":{"line":154,"column":136}},"154":{"start":{"line":155,"column":0},"end":{"line":155,"column":91}},"155":{"start":{"line":156,"column":0},"end":{"line":156,"column":79}},"157":{"start":{"line":158,"column":0},"end":{"line":158,"column":51}},"158":{"start":{"line":159,"column":0},"end":{"line":159,"column":124}},"159":{"start":{"line":160,"column":0},"end":{"line":160,"column":32}},"162":{"start":{"line":163,"column":0},"end":{"line":163,"column":41}},"163":{"start":{"line":164,"column":0},"end":{"line":164,"column":99}},"164":{"start":{"line":165,"column":0},"end":{"line":165,"column":108}},"165":{"start":{"line":166,"column":0},"end":{"line":166,"column":19}},"166":{"start":{"line":167,"column":0},"end":{"line":167,"column":148}},"168":{"start":{"line":169,"column":0},"end":{"line":169,"column":19}},"169":{"start":{"line":170,"column":0},"end":{"line":170,"column":37}},"170":{"start":{"line":171,"column":0},"end":{"line":171,"column":48}},"171":{"start":{"line":172,"column":0},"end":{"line":172,"column":5}},"172":{"start":{"line":173,"column":0},"end":{"line":173,"column":34}},"174":{"start":{"line":175,"column":0},"end":{"line":175,"column":112}},"175":{"start":{"line":176,"column":0},"end":{"line":176,"column":44}},"176":{"start":{"line":177,"column":0},"end":{"line":177,"column":48}},"178":{"start":{"line":179,"column":0},"end":{"line":179,"column":78}},"180":{"start":{"line":181,"column":0},"end":{"line":181,"column":51}},"182":{"start":{"line":183,"column":0},"end":{"line":183,"column":38}},"183":{"start":{"line":184,"column":0},"end":{"line":184,"column":91}},"184":{"start":{"line":185,"column":0},"end":{"line":185,"column":43}},"186":{"start":{"line":187,"column":0},"end":{"line":187,"column":79}},"187":{"start":{"line":188,"column":0},"end":{"line":188,"column":104}},"188":{"start":{"line":189,"column":0},"end":{"line":189,"column":27}},"189":{"start":{"line":190,"column":0},"end":{"line":190,"column":4}},"191":{"start":{"line":192,"column":0},"end":{"line":192,"column":19}},"192":{"start":{"line":193,"column":0},"end":{"line":193,"column":53}},"193":{"start":{"line":194,"column":0},"end":{"line":194,"column":97}},"194":{"start":{"line":195,"column":0},"end":{"line":195,"column":42}},"195":{"start":{"line":196,"column":0},"end":{"line":196,"column":60}},"196":{"start":{"line":197,"column":0},"end":{"line":197,"column":43}},"197":{"start":{"line":198,"column":0},"end":{"line":198,"column":6}},"198":{"start":{"line":199,"column":0},"end":{"line":199,"column":19}},"199":{"start":{"line":200,"column":0},"end":{"line":200,"column":20}},"200":{"start":{"line":201,"column":0},"end":{"line":201,"column":71}},"201":{"start":{"line":202,"column":0},"end":{"line":202,"column":57}},"202":{"start":{"line":203,"column":0},"end":{"line":203,"column":92}},"203":{"start":{"line":204,"column":0},"end":{"line":204,"column":45}},"204":{"start":{"line":205,"column":0},"end":{"line":205,"column":64}},"205":{"start":{"line":206,"column":0},"end":{"line":206,"column":46}},"206":{"start":{"line":207,"column":0},"end":{"line":207,"column":5}},"207":{"start":{"line":208,"column":0},"end":{"line":208,"column":34}},"208":{"start":{"line":209,"column":0},"end":{"line":209,"column":62}},"209":{"start":{"line":210,"column":0},"end":{"line":210,"column":71}},"210":{"start":{"line":211,"column":0},"end":{"line":211,"column":43}},"211":{"start":{"line":212,"column":0},"end":{"line":212,"column":34}},"212":{"start":{"line":213,"column":0},"end":{"line":213,"column":24}},"213":{"start":{"line":214,"column":0},"end":{"line":214,"column":99}},"214":{"start":{"line":215,"column":0},"end":{"line":215,"column":7}},"215":{"start":{"line":216,"column":0},"end":{"line":216,"column":26}},"216":{"start":{"line":217,"column":0},"end":{"line":217,"column":97}},"217":{"start":{"line":218,"column":0},"end":{"line":218,"column":71}},"218":{"start":{"line":219,"column":0},"end":{"line":219,"column":64}},"219":{"start":{"line":220,"column":0},"end":{"line":220,"column":99}},"220":{"start":{"line":221,"column":0},"end":{"line":221,"column":15}},"221":{"start":{"line":222,"column":0},"end":{"line":222,"column":12}},"222":{"start":{"line":223,"column":0},"end":{"line":223,"column":7}},"223":{"start":{"line":224,"column":0},"end":{"line":224,"column":28}},"224":{"start":{"line":225,"column":0},"end":{"line":225,"column":99}},"225":{"start":{"line":226,"column":0},"end":{"line":226,"column":164}},"226":{"start":{"line":227,"column":0},"end":{"line":227,"column":12}},"227":{"start":{"line":228,"column":0},"end":{"line":228,"column":7}},"228":{"start":{"line":229,"column":0},"end":{"line":229,"column":26}},"229":{"start":{"line":230,"column":0},"end":{"line":230,"column":97}},"230":{"start":{"line":231,"column":0},"end":{"line":231,"column":160}},"231":{"start":{"line":232,"column":0},"end":{"line":232,"column":12}},"232":{"start":{"line":233,"column":0},"end":{"line":233,"column":7}},"233":{"start":{"line":234,"column":0},"end":{"line":234,"column":28}},"234":{"start":{"line":235,"column":0},"end":{"line":235,"column":99}},"235":{"start":{"line":236,"column":0},"end":{"line":236,"column":164}},"236":{"start":{"line":237,"column":0},"end":{"line":237,"column":12}},"237":{"start":{"line":238,"column":0},"end":{"line":238,"column":7}},"238":{"start":{"line":239,"column":0},"end":{"line":239,"column":33}},"239":{"start":{"line":240,"column":0},"end":{"line":240,"column":104}},"240":{"start":{"line":241,"column":0},"end":{"line":241,"column":174}},"241":{"start":{"line":242,"column":0},"end":{"line":242,"column":12}},"242":{"start":{"line":243,"column":0},"end":{"line":243,"column":7}},"243":{"start":{"line":244,"column":0},"end":{"line":244,"column":30}},"244":{"start":{"line":245,"column":0},"end":{"line":245,"column":101}},"245":{"start":{"line":246,"column":0},"end":{"line":246,"column":168}},"246":{"start":{"line":247,"column":0},"end":{"line":247,"column":12}},"247":{"start":{"line":248,"column":0},"end":{"line":248,"column":7}},"248":{"start":{"line":249,"column":0},"end":{"line":249,"column":26}},"249":{"start":{"line":250,"column":0},"end":{"line":250,"column":97}},"250":{"start":{"line":251,"column":0},"end":{"line":251,"column":160}},"251":{"start":{"line":252,"column":0},"end":{"line":252,"column":12}},"252":{"start":{"line":253,"column":0},"end":{"line":253,"column":7}},"253":{"start":{"line":254,"column":0},"end":{"line":254,"column":18}},"254":{"start":{"line":255,"column":0},"end":{"line":255,"column":6}},"255":{"start":{"line":256,"column":0},"end":{"line":256,"column":95}},"256":{"start":{"line":257,"column":0},"end":{"line":257,"column":41}},"258":{"start":{"line":259,"column":0},"end":{"line":259,"column":31}},"259":{"start":{"line":260,"column":0},"end":{"line":260,"column":23}},"260":{"start":{"line":261,"column":0},"end":{"line":261,"column":12}},"261":{"start":{"line":262,"column":0},"end":{"line":262,"column":41}},"262":{"start":{"line":263,"column":0},"end":{"line":263,"column":32}},"263":{"start":{"line":264,"column":0},"end":{"line":264,"column":50}},"264":{"start":{"line":265,"column":0},"end":{"line":265,"column":39}},"265":{"start":{"line":266,"column":0},"end":{"line":266,"column":43}},"266":{"start":{"line":267,"column":0},"end":{"line":267,"column":5}},"269":{"start":{"line":270,"column":0},"end":{"line":270,"column":56}},"270":{"start":{"line":271,"column":0},"end":{"line":271,"column":41}},"271":{"start":{"line":272,"column":0},"end":{"line":272,"column":43}},"272":{"start":{"line":273,"column":0},"end":{"line":273,"column":46}},"273":{"start":{"line":274,"column":0},"end":{"line":274,"column":82}},"274":{"start":{"line":275,"column":0},"end":{"line":275,"column":17}},"275":{"start":{"line":276,"column":0},"end":{"line":276,"column":5}},"278":{"start":{"line":279,"column":0},"end":{"line":279,"column":30}},"279":{"start":{"line":280,"column":0},"end":{"line":280,"column":91}},"280":{"start":{"line":281,"column":0},"end":{"line":281,"column":34}},"281":{"start":{"line":282,"column":0},"end":{"line":282,"column":13}},"282":{"start":{"line":283,"column":0},"end":{"line":283,"column":15}},"283":{"start":{"line":284,"column":0},"end":{"line":284,"column":41}},"284":{"start":{"line":285,"column":0},"end":{"line":285,"column":28}},"285":{"start":{"line":286,"column":0},"end":{"line":286,"column":50}},"286":{"start":{"line":287,"column":0},"end":{"line":287,"column":23}},"287":{"start":{"line":288,"column":0},"end":{"line":288,"column":25}},"288":{"start":{"line":289,"column":0},"end":{"line":289,"column":7}},"289":{"start":{"line":290,"column":0},"end":{"line":290,"column":58}},"290":{"start":{"line":291,"column":0},"end":{"line":291,"column":37}},"291":{"start":{"line":292,"column":0},"end":{"line":292,"column":51}},"292":{"start":{"line":293,"column":0},"end":{"line":293,"column":38}},"293":{"start":{"line":294,"column":0},"end":{"line":294,"column":4}},"295":{"start":{"line":296,"column":0},"end":{"line":296,"column":43}},"296":{"start":{"line":297,"column":0},"end":{"line":297,"column":18}},"297":{"start":{"line":298,"column":0},"end":{"line":298,"column":36}},"298":{"start":{"line":299,"column":0},"end":{"line":299,"column":4}},"300":{"start":{"line":301,"column":0},"end":{"line":301,"column":29}},"301":{"start":{"line":302,"column":0},"end":{"line":302,"column":24}},"302":{"start":{"line":303,"column":0},"end":{"line":303,"column":35}},"303":{"start":{"line":304,"column":0},"end":{"line":304,"column":114}},"304":{"start":{"line":305,"column":0},"end":{"line":305,"column":17}},"305":{"start":{"line":306,"column":0},"end":{"line":306,"column":4}},"307":{"start":{"line":308,"column":0},"end":{"line":308,"column":51}},"308":{"start":{"line":309,"column":0},"end":{"line":309,"column":29}},"309":{"start":{"line":310,"column":0},"end":{"line":310,"column":31}},"310":{"start":{"line":311,"column":0},"end":{"line":311,"column":27}},"311":{"start":{"line":312,"column":0},"end":{"line":312,"column":88}},"312":{"start":{"line":313,"column":0},"end":{"line":313,"column":92}},"313":{"start":{"line":314,"column":0},"end":{"line":314,"column":16}},"314":{"start":{"line":315,"column":0},"end":{"line":315,"column":92}},"315":{"start":{"line":316,"column":0},"end":{"line":316,"column":9}},"316":{"start":{"line":317,"column":0},"end":{"line":317,"column":9}},"317":{"start":{"line":318,"column":0},"end":{"line":318,"column":18}},"318":{"start":{"line":319,"column":0},"end":{"line":319,"column":7}},"320":{"start":{"line":321,"column":0},"end":{"line":321,"column":4}},"322":{"start":{"line":323,"column":0},"end":{"line":323,"column":91}},"323":{"start":{"line":324,"column":0},"end":{"line":324,"column":39}},"324":{"start":{"line":325,"column":0},"end":{"line":325,"column":32}},"325":{"start":{"line":326,"column":0},"end":{"line":326,"column":41}},"326":{"start":{"line":327,"column":0},"end":{"line":327,"column":99}},"327":{"start":{"line":328,"column":0},"end":{"line":328,"column":35}},"328":{"start":{"line":329,"column":0},"end":{"line":329,"column":37}},"329":{"start":{"line":330,"column":0},"end":{"line":330,"column":17}},"330":{"start":{"line":331,"column":0},"end":{"line":331,"column":7}},"331":{"start":{"line":332,"column":0},"end":{"line":332,"column":111}},"332":{"start":{"line":333,"column":0},"end":{"line":333,"column":18}},"333":{"start":{"line":334,"column":0},"end":{"line":334,"column":7}},"334":{"start":{"line":335,"column":0},"end":{"line":335,"column":4}},"336":{"start":{"line":337,"column":0},"end":{"line":337,"column":51}},"337":{"start":{"line":338,"column":0},"end":{"line":338,"column":32}},"338":{"start":{"line":339,"column":0},"end":{"line":339,"column":40}},"339":{"start":{"line":340,"column":0},"end":{"line":340,"column":22}},"340":{"start":{"line":341,"column":0},"end":{"line":341,"column":43}},"341":{"start":{"line":342,"column":0},"end":{"line":342,"column":101}},"342":{"start":{"line":343,"column":0},"end":{"line":343,"column":37}},"343":{"start":{"line":344,"column":0},"end":{"line":344,"column":39}},"344":{"start":{"line":345,"column":0},"end":{"line":345,"column":19}},"345":{"start":{"line":346,"column":0},"end":{"line":346,"column":9}},"346":{"start":{"line":347,"column":0},"end":{"line":347,"column":113}},"347":{"start":{"line":348,"column":0},"end":{"line":348,"column":20}},"348":{"start":{"line":349,"column":0},"end":{"line":349,"column":14}},"349":{"start":{"line":350,"column":0},"end":{"line":350,"column":42}},"350":{"start":{"line":351,"column":0},"end":{"line":351,"column":20}},"351":{"start":{"line":352,"column":0},"end":{"line":352,"column":7}},"352":{"start":{"line":353,"column":0},"end":{"line":353,"column":7}},"353":{"start":{"line":354,"column":0},"end":{"line":354,"column":4}},"354":{"start":{"line":355,"column":0},"end":{"line":355,"column":41}},"355":{"start":{"line":356,"column":0},"end":{"line":356,"column":63}},"356":{"start":{"line":357,"column":0},"end":{"line":357,"column":29}},"357":{"start":{"line":358,"column":0},"end":{"line":358,"column":103}},"358":{"start":{"line":359,"column":0},"end":{"line":359,"column":22}},"359":{"start":{"line":360,"column":0},"end":{"line":360,"column":18}},"360":{"start":{"line":361,"column":0},"end":{"line":361,"column":7}},"361":{"start":{"line":362,"column":0},"end":{"line":362,"column":61}},"362":{"start":{"line":363,"column":0},"end":{"line":363,"column":32}},"363":{"start":{"line":364,"column":0},"end":{"line":364,"column":37}},"364":{"start":{"line":365,"column":0},"end":{"line":365,"column":18}},"365":{"start":{"line":366,"column":0},"end":{"line":366,"column":7}},"366":{"start":{"line":367,"column":0},"end":{"line":367,"column":52}},"367":{"start":{"line":368,"column":0},"end":{"line":368,"column":4}},"368":{"start":{"line":369,"column":0},"end":{"line":369,"column":40}},"369":{"start":{"line":370,"column":0},"end":{"line":370,"column":31}},"370":{"start":{"line":371,"column":0},"end":{"line":371,"column":36}},"371":{"start":{"line":372,"column":0},"end":{"line":372,"column":33}},"372":{"start":{"line":373,"column":0},"end":{"line":373,"column":30}},"373":{"start":{"line":374,"column":0},"end":{"line":374,"column":26}},"374":{"start":{"line":375,"column":0},"end":{"line":375,"column":34}},"375":{"start":{"line":376,"column":0},"end":{"line":376,"column":18}},"376":{"start":{"line":377,"column":0},"end":{"line":377,"column":7}},"377":{"start":{"line":378,"column":0},"end":{"line":378,"column":4}},"378":{"start":{"line":379,"column":0},"end":{"line":379,"column":41}},"379":{"start":{"line":380,"column":0},"end":{"line":380,"column":31}},"380":{"start":{"line":381,"column":0},"end":{"line":381,"column":36}},"381":{"start":{"line":382,"column":0},"end":{"line":382,"column":59}},"382":{"start":{"line":383,"column":0},"end":{"line":383,"column":30}},"383":{"start":{"line":384,"column":0},"end":{"line":384,"column":26}},"384":{"start":{"line":385,"column":0},"end":{"line":385,"column":34}},"385":{"start":{"line":386,"column":0},"end":{"line":386,"column":18}},"386":{"start":{"line":387,"column":0},"end":{"line":387,"column":7}},"387":{"start":{"line":388,"column":0},"end":{"line":388,"column":4}},"388":{"start":{"line":389,"column":0},"end":{"line":389,"column":84}},"389":{"start":{"line":390,"column":0},"end":{"line":390,"column":66}},"390":{"start":{"line":391,"column":0},"end":{"line":391,"column":64}},"391":{"start":{"line":392,"column":0},"end":{"line":392,"column":31}},"392":{"start":{"line":393,"column":0},"end":{"line":393,"column":4}},"394":{"start":{"line":395,"column":0},"end":{"line":395,"column":54}},"397":{"start":{"line":398,"column":0},"end":{"line":398,"column":25}},"398":{"start":{"line":399,"column":0},"end":{"line":399,"column":31}},"399":{"start":{"line":400,"column":0},"end":{"line":400,"column":90}},"400":{"start":{"line":401,"column":0},"end":{"line":401,"column":4}},"401":{"start":{"line":402,"column":0},"end":{"line":402,"column":115}},"402":{"start":{"line":403,"column":0},"end":{"line":403,"column":41}},"403":{"start":{"line":404,"column":0},"end":{"line":404,"column":47}},"404":{"start":{"line":405,"column":0},"end":{"line":405,"column":21}},"405":{"start":{"line":406,"column":0},"end":{"line":406,"column":101}},"406":{"start":{"line":407,"column":0},"end":{"line":407,"column":4}},"407":{"start":{"line":408,"column":0},"end":{"line":408,"column":38}},"408":{"start":{"line":409,"column":0},"end":{"line":409,"column":44}},"409":{"start":{"line":410,"column":0},"end":{"line":410,"column":56}},"410":{"start":{"line":411,"column":0},"end":{"line":411,"column":55}},"411":{"start":{"line":412,"column":0},"end":{"line":412,"column":4}},"412":{"start":{"line":413,"column":0},"end":{"line":413,"column":39}},"413":{"start":{"line":414,"column":0},"end":{"line":414,"column":24}},"414":{"start":{"line":415,"column":0},"end":{"line":415,"column":25}},"415":{"start":{"line":416,"column":0},"end":{"line":416,"column":4}},"416":{"start":{"line":417,"column":0},"end":{"line":417,"column":85}},"418":{"start":{"line":419,"column":0},"end":{"line":419,"column":67}},"419":{"start":{"line":420,"column":0},"end":{"line":420,"column":90}},"420":{"start":{"line":421,"column":0},"end":{"line":421,"column":4}},"422":{"start":{"line":423,"column":0},"end":{"line":423,"column":10}},"423":{"start":{"line":424,"column":0},"end":{"line":424,"column":37}},"424":{"start":{"line":425,"column":0},"end":{"line":425,"column":62}},"426":{"start":{"line":427,"column":0},"end":{"line":427,"column":103}},"428":{"start":{"line":429,"column":0},"end":{"line":429,"column":141}},"429":{"start":{"line":430,"column":0},"end":{"line":430,"column":15}},"430":{"start":{"line":431,"column":0},"end":{"line":431,"column":25}},"431":{"start":{"line":432,"column":0},"end":{"line":432,"column":35}},"432":{"start":{"line":433,"column":0},"end":{"line":433,"column":38}},"433":{"start":{"line":434,"column":0},"end":{"line":434,"column":27}},"434":{"start":{"line":435,"column":0},"end":{"line":435,"column":33}},"435":{"start":{"line":436,"column":0},"end":{"line":436,"column":39}},"436":{"start":{"line":437,"column":0},"end":{"line":437,"column":33}},"437":{"start":{"line":438,"column":0},"end":{"line":438,"column":40}},"438":{"start":{"line":439,"column":0},"end":{"line":439,"column":12}},"439":{"start":{"line":440,"column":0},"end":{"line":440,"column":14}},"442":{"start":{"line":443,"column":0},"end":{"line":443,"column":35}},"443":{"start":{"line":444,"column":0},"end":{"line":444,"column":82}},"444":{"start":{"line":445,"column":0},"end":{"line":445,"column":20}},"445":{"start":{"line":446,"column":0},"end":{"line":446,"column":35}},"446":{"start":{"line":447,"column":0},"end":{"line":447,"column":47}},"447":{"start":{"line":448,"column":0},"end":{"line":448,"column":35}},"448":{"start":{"line":449,"column":0},"end":{"line":449,"column":46}},"449":{"start":{"line":450,"column":0},"end":{"line":450,"column":54}},"450":{"start":{"line":451,"column":0},"end":{"line":451,"column":52}},"451":{"start":{"line":452,"column":0},"end":{"line":452,"column":54}},"452":{"start":{"line":453,"column":0},"end":{"line":453,"column":53}},"453":{"start":{"line":454,"column":0},"end":{"line":454,"column":45}},"454":{"start":{"line":455,"column":0},"end":{"line":455,"column":39}},"455":{"start":{"line":456,"column":0},"end":{"line":456,"column":33}},"456":{"start":{"line":457,"column":0},"end":{"line":457,"column":37}},"457":{"start":{"line":458,"column":0},"end":{"line":458,"column":49}},"458":{"start":{"line":459,"column":0},"end":{"line":459,"column":63}},"459":{"start":{"line":460,"column":0},"end":{"line":460,"column":14}},"460":{"start":{"line":461,"column":0},"end":{"line":461,"column":16}},"464":{"start":{"line":465,"column":0},"end":{"line":465,"column":66}},"465":{"start":{"line":466,"column":0},"end":{"line":466,"column":37}},"466":{"start":{"line":467,"column":0},"end":{"line":467,"column":36}},"467":{"start":{"line":468,"column":0},"end":{"line":468,"column":187}},"468":{"start":{"line":469,"column":0},"end":{"line":469,"column":64}},"469":{"start":{"line":470,"column":0},"end":{"line":470,"column":323}},"470":{"start":{"line":471,"column":0},"end":{"line":471,"column":87}},"471":{"start":{"line":472,"column":0},"end":{"line":472,"column":102}},"472":{"start":{"line":473,"column":0},"end":{"line":473,"column":33}},"473":{"start":{"line":474,"column":0},"end":{"line":474,"column":51}},"474":{"start":{"line":475,"column":0},"end":{"line":475,"column":35}},"475":{"start":{"line":476,"column":0},"end":{"line":476,"column":40}},"476":{"start":{"line":477,"column":0},"end":{"line":477,"column":63}},"477":{"start":{"line":478,"column":0},"end":{"line":478,"column":65}},"478":{"start":{"line":479,"column":0},"end":{"line":479,"column":61}},"479":{"start":{"line":480,"column":0},"end":{"line":480,"column":77}},"480":{"start":{"line":481,"column":0},"end":{"line":481,"column":77}},"481":{"start":{"line":482,"column":0},"end":{"line":482,"column":49}},"482":{"start":{"line":483,"column":0},"end":{"line":483,"column":49}},"483":{"start":{"line":484,"column":0},"end":{"line":484,"column":53}},"484":{"start":{"line":485,"column":0},"end":{"line":485,"column":51}},"485":{"start":{"line":486,"column":0},"end":{"line":486,"column":53}},"486":{"start":{"line":487,"column":0},"end":{"line":487,"column":59}},"487":{"start":{"line":488,"column":0},"end":{"line":488,"column":61}},"488":{"start":{"line":489,"column":0},"end":{"line":489,"column":24}},"489":{"start":{"line":490,"column":0},"end":{"line":490,"column":26}},"490":{"start":{"line":491,"column":0},"end":{"line":491,"column":21}},"491":{"start":{"line":492,"column":0},"end":{"line":492,"column":22}},"492":{"start":{"line":493,"column":0},"end":{"line":493,"column":77}},"493":{"start":{"line":494,"column":0},"end":{"line":494,"column":80}},"494":{"start":{"line":495,"column":0},"end":{"line":495,"column":133}},"495":{"start":{"line":496,"column":0},"end":{"line":496,"column":72}},"496":{"start":{"line":497,"column":0},"end":{"line":497,"column":74}},"498":{"start":{"line":499,"column":0},"end":{"line":499,"column":23}},"501":{"start":{"line":502,"column":0},"end":{"line":502,"column":157}},"502":{"start":{"line":503,"column":0},"end":{"line":503,"column":108}},"503":{"start":{"line":504,"column":0},"end":{"line":504,"column":73}},"504":{"start":{"line":505,"column":0},"end":{"line":505,"column":76}},"505":{"start":{"line":506,"column":0},"end":{"line":506,"column":28}},"506":{"start":{"line":507,"column":0},"end":{"line":507,"column":26}},"507":{"start":{"line":508,"column":0},"end":{"line":508,"column":36}},"508":{"start":{"line":509,"column":0},"end":{"line":509,"column":53}},"509":{"start":{"line":510,"column":0},"end":{"line":510,"column":59}},"510":{"start":{"line":511,"column":0},"end":{"line":511,"column":32}},"511":{"start":{"line":512,"column":0},"end":{"line":512,"column":47}},"512":{"start":{"line":513,"column":0},"end":{"line":513,"column":33}},"513":{"start":{"line":514,"column":0},"end":{"line":514,"column":34}},"514":{"start":{"line":515,"column":0},"end":{"line":515,"column":40}},"515":{"start":{"line":516,"column":0},"end":{"line":516,"column":73}},"516":{"start":{"line":517,"column":0},"end":{"line":517,"column":42}},"517":{"start":{"line":518,"column":0},"end":{"line":518,"column":90}},"518":{"start":{"line":519,"column":0},"end":{"line":519,"column":33}},"519":{"start":{"line":520,"column":0},"end":{"line":520,"column":43}},"520":{"start":{"line":521,"column":0},"end":{"line":521,"column":60}},"521":{"start":{"line":522,"column":0},"end":{"line":522,"column":26}},"523":{"start":{"line":524,"column":0},"end":{"line":524,"column":68}},"524":{"start":{"line":525,"column":0},"end":{"line":525,"column":307}},"525":{"start":{"line":526,"column":0},"end":{"line":526,"column":87}},"526":{"start":{"line":527,"column":0},"end":{"line":527,"column":32}},"527":{"start":{"line":528,"column":0},"end":{"line":528,"column":27}},"528":{"start":{"line":529,"column":0},"end":{"line":529,"column":28}},"530":{"start":{"line":531,"column":0},"end":{"line":531,"column":21}},"531":{"start":{"line":532,"column":0},"end":{"line":532,"column":22}},"532":{"start":{"line":533,"column":0},"end":{"line":533,"column":20}},"533":{"start":{"line":534,"column":0},"end":{"line":534,"column":18}},"536":{"start":{"line":537,"column":0},"end":{"line":537,"column":39}},"537":{"start":{"line":538,"column":0},"end":{"line":538,"column":41}},"538":{"start":{"line":539,"column":0},"end":{"line":539,"column":26}},"539":{"start":{"line":540,"column":0},"end":{"line":540,"column":41}},"540":{"start":{"line":541,"column":0},"end":{"line":541,"column":18}},"543":{"start":{"line":544,"column":0},"end":{"line":544,"column":41}},"544":{"start":{"line":545,"column":0},"end":{"line":545,"column":41}},"545":{"start":{"line":546,"column":0},"end":{"line":546,"column":26}},"546":{"start":{"line":547,"column":0},"end":{"line":547,"column":38}},"547":{"start":{"line":548,"column":0},"end":{"line":548,"column":18}},"550":{"start":{"line":551,"column":0},"end":{"line":551,"column":36}},"551":{"start":{"line":552,"column":0},"end":{"line":552,"column":41}},"552":{"start":{"line":553,"column":0},"end":{"line":553,"column":27}},"553":{"start":{"line":554,"column":0},"end":{"line":554,"column":33}},"554":{"start":{"line":555,"column":0},"end":{"line":555,"column":18}},"557":{"start":{"line":558,"column":0},"end":{"line":558,"column":37}},"558":{"start":{"line":559,"column":0},"end":{"line":559,"column":41}},"559":{"start":{"line":560,"column":0},"end":{"line":560,"column":26}},"560":{"start":{"line":561,"column":0},"end":{"line":561,"column":33}},"561":{"start":{"line":562,"column":0},"end":{"line":562,"column":18}},"563":{"start":{"line":564,"column":0},"end":{"line":564,"column":14}},"564":{"start":{"line":565,"column":0},"end":{"line":565,"column":12}},"567":{"start":{"line":568,"column":0},"end":{"line":568,"column":20}},"568":{"start":{"line":569,"column":0},"end":{"line":569,"column":26}},"569":{"start":{"line":570,"column":0},"end":{"line":570,"column":45}},"570":{"start":{"line":571,"column":0},"end":{"line":571,"column":29}},"571":{"start":{"line":572,"column":0},"end":{"line":572,"column":47}},"572":{"start":{"line":573,"column":0},"end":{"line":573,"column":8}},"573":{"start":{"line":574,"column":0},"end":{"line":574,"column":18}},"574":{"start":{"line":575,"column":0},"end":{"line":575,"column":30}},"575":{"start":{"line":576,"column":0},"end":{"line":576,"column":32}},"576":{"start":{"line":577,"column":0},"end":{"line":577,"column":76}},"577":{"start":{"line":578,"column":0},"end":{"line":578,"column":89}},"578":{"start":{"line":579,"column":0},"end":{"line":579,"column":98}},"579":{"start":{"line":580,"column":0},"end":{"line":580,"column":50}},"580":{"start":{"line":581,"column":0},"end":{"line":581,"column":79}},"581":{"start":{"line":582,"column":0},"end":{"line":582,"column":54}},"582":{"start":{"line":583,"column":0},"end":{"line":583,"column":46}},"583":{"start":{"line":584,"column":0},"end":{"line":584,"column":25}},"584":{"start":{"line":585,"column":0},"end":{"line":585,"column":40}},"585":{"start":{"line":586,"column":0},"end":{"line":586,"column":19}},"586":{"start":{"line":587,"column":0},"end":{"line":587,"column":11}},"587":{"start":{"line":588,"column":0},"end":{"line":588,"column":114}},"588":{"start":{"line":589,"column":0},"end":{"line":589,"column":26}},"589":{"start":{"line":590,"column":0},"end":{"line":590,"column":39}},"590":{"start":{"line":591,"column":0},"end":{"line":591,"column":19}},"591":{"start":{"line":592,"column":0},"end":{"line":592,"column":11}},"592":{"start":{"line":593,"column":0},"end":{"line":593,"column":48}},"593":{"start":{"line":594,"column":0},"end":{"line":594,"column":35}},"594":{"start":{"line":595,"column":0},"end":{"line":595,"column":44}},"595":{"start":{"line":596,"column":0},"end":{"line":596,"column":88}},"596":{"start":{"line":597,"column":0},"end":{"line":597,"column":70}},"597":{"start":{"line":598,"column":0},"end":{"line":598,"column":20}},"598":{"start":{"line":599,"column":0},"end":{"line":599,"column":69}},"599":{"start":{"line":600,"column":0},"end":{"line":600,"column":13}},"600":{"start":{"line":601,"column":0},"end":{"line":601,"column":24}},"601":{"start":{"line":602,"column":0},"end":{"line":602,"column":13}},"602":{"start":{"line":603,"column":0},"end":{"line":603,"column":34}},"603":{"start":{"line":604,"column":0},"end":{"line":604,"column":55}},"604":{"start":{"line":605,"column":0},"end":{"line":605,"column":75}},"605":{"start":{"line":606,"column":0},"end":{"line":606,"column":46}},"606":{"start":{"line":607,"column":0},"end":{"line":607,"column":66}},"607":{"start":{"line":608,"column":0},"end":{"line":608,"column":78}},"608":{"start":{"line":609,"column":0},"end":{"line":609,"column":46}},"609":{"start":{"line":610,"column":0},"end":{"line":610,"column":58}},"610":{"start":{"line":611,"column":0},"end":{"line":611,"column":73}},"611":{"start":{"line":612,"column":0},"end":{"line":612,"column":46}},"612":{"start":{"line":613,"column":0},"end":{"line":613,"column":62}},"613":{"start":{"line":614,"column":0},"end":{"line":614,"column":77}},"614":{"start":{"line":615,"column":0},"end":{"line":615,"column":46}},"615":{"start":{"line":616,"column":0},"end":{"line":616,"column":13}},"616":{"start":{"line":617,"column":0},"end":{"line":617,"column":11}},"617":{"start":{"line":618,"column":0},"end":{"line":618,"column":35}},"618":{"start":{"line":619,"column":0},"end":{"line":619,"column":10}},"619":{"start":{"line":620,"column":0},"end":{"line":620,"column":8}},"620":{"start":{"line":621,"column":0},"end":{"line":621,"column":22}},"621":{"start":{"line":622,"column":0},"end":{"line":622,"column":25}},"622":{"start":{"line":623,"column":0},"end":{"line":623,"column":27}},"623":{"start":{"line":624,"column":0},"end":{"line":624,"column":31}},"624":{"start":{"line":625,"column":0},"end":{"line":625,"column":46}},"625":{"start":{"line":626,"column":0},"end":{"line":626,"column":31}},"626":{"start":{"line":627,"column":0},"end":{"line":627,"column":169}},"627":{"start":{"line":628,"column":0},"end":{"line":628,"column":34}},"628":{"start":{"line":629,"column":0},"end":{"line":629,"column":33}},"629":{"start":{"line":630,"column":0},"end":{"line":630,"column":54}},"630":{"start":{"line":631,"column":0},"end":{"line":631,"column":12}},"631":{"start":{"line":632,"column":0},"end":{"line":632,"column":10}},"633":{"start":{"line":634,"column":0},"end":{"line":634,"column":21}},"634":{"start":{"line":635,"column":0},"end":{"line":635,"column":25}},"635":{"start":{"line":636,"column":0},"end":{"line":636,"column":26}},"636":{"start":{"line":637,"column":0},"end":{"line":637,"column":79}},"637":{"start":{"line":638,"column":0},"end":{"line":638,"column":45}},"638":{"start":{"line":639,"column":0},"end":{"line":639,"column":48}},"639":{"start":{"line":640,"column":0},"end":{"line":640,"column":10}},"641":{"start":{"line":642,"column":0},"end":{"line":642,"column":10}},"643":{"start":{"line":644,"column":0},"end":{"line":644,"column":1}}},"s":{"0":0,"39":0,"40":0,"41":0,"42":0,"43":0,"45":0,"46":0,"47":0,"48":0,"49":0,"51":0,"52":0,"53":0,"54":0,"55":0,"56":0,"57":0,"58":0,"59":0,"60":0,"61":0,"62":0,"64":0,"68":0,"69":0,"70":0,"71":0,"72":0,"73":0,"74":0,"75":0,"76":0,"77":0,"78":0,"79":0,"80":0,"81":0,"82":0,"83":0,"84":0,"85":0,"86":0,"88":0,"89":0,"90":0,"91":0,"92":0,"93":0,"94":0,"95":0,"96":0,"97":0,"98":0,"99":0,"101":0,"102":0,"103":0,"104":0,"105":0,"106":0,"107":0,"108":0,"109":0,"110":0,"111":0,"112":0,"114":0,"115":0,"116":0,"118":0,"119":0,"120":0,"122":0,"123":0,"124":0,"125":0,"126":0,"127":0,"129":0,"131":0,"132":0,"133":0,"134":0,"135":0,"136":0,"137":0,"138":0,"139":0,"143":0,"144":0,"145":0,"146":0,"147":0,"148":0,"149":0,"150":0,"151":0,"152":0,"153":0,"154":0,"155":0,"157":0,"158":0,"159":0,"162":0,"163":0,"164":0,"165":0,"166":0,"168":0,"169":0,"170":0,"171":0,"172":0,"174":0,"175":0,"176":0,"178":0,"180":0,"182":0,"183":0,"184":0,"186":0,"187":0,"188":0,"189":0,"191":0,"192":0,"193":0,"194":0,"195":0,"196":0,"197":0,"198":0,"199":0,"200":0,"201":0,"202":0,"203":0,"204":0,"205":0,"206":0,"207":0,"208":0,"209":0,"210":0,"211":0,"212":0,"213":0,"214":0,"215":0,"216":0,"217":0,"218":0,"219":0,"220":0,"221":0,"222":0,"223":0,"224":0,"225":0,"226":0,"227":0,"228":0,"229":0,"230":0,"231":0,"232":0,"233":0,"234":0,"235":0,"236":0,"237":0,"238":0,"239":0,"240":0,"241":0,"242":0,"243":0,"244":0,"245":0,"246":0,"247":0,"248":0,"249":0,"250":0,"251":0,"252":0,"253":0,"254":0,"255":0,"256":0,"258":0,"259":0,"260":0,"261":0,"262":0,"263":0,"264":0,"265":0,"266":0,"269":0,"270":0,"271":0,"272":0,"273":0,"274":0,"275":0,"278":0,"279":0,"280":0,"281":0,"282":0,"283":0,"284":0,"285":0,"286":0,"287":0,"288":0,"289":0,"290":0,"291":0,"292":0,"293":0,"295":0,"296":0,"297":0,"298":0,"300":0,"301":0,"302":0,"303":0,"304":0,"305":0,"307":0,"308":0,"309":0,"310":0,"311":0,"312":0,"313":0,"314":0,"315":0,"316":0,"317":0,"318":0,"320":0,"322":0,"323":0,"324":0,"325":0,"326":0,"327":0,"328":0,"329":0,"330":0,"331":0,"332":0,"333":0,"334":0,"336":0,"337":0,"338":0,"339":0,"340":0,"341":0,"342":0,"343":0,"344":0,"345":0,"346":0,"347":0,"348":0,"349":0,"350":0,"351":0,"352":0,"353":0,"354":0,"355":0,"356":0,"357":0,"358":0,"359":0,"360":0,"361":0,"362":0,"363":0,"364":0,"365":0,"366":0,"367":0,"368":0,"369":0,"370":0,"371":0,"372":0,"373":0,"374":0,"375":0,"376":0,"377":0,"378":0,"379":0,"380":0,"381":0,"382":0,"383":0,"384":0,"385":0,"386":0,"387":0,"388":0,"389":0,"390":0,"391":0,"392":0,"394":0,"397":0,"398":0,"399":0,"400":0,"401":0,"402":0,"403":0,"404":0,"405":0,"406":0,"407":0,"408":0,"409":0,"410":0,"411":0,"412":0,"413":0,"414":0,"415":0,"416":0,"418":0,"419":0,"420":0,"422":0,"423":0,"424":0,"426":0,"428":0,"429":0,"430":0,"431":0,"432":0,"433":0,"434":0,"435":0,"436":0,"437":0,"438":0,"439":0,"442":0,"443":0,"444":0,"445":0,"446":0,"447":0,"448":0,"449":0,"450":0,"451":0,"452":0,"453":0,"454":0,"455":0,"456":0,"457":0,"458":0,"459":0,"460":0,"464":0,"465":0,"466":0,"467":0,"468":0,"469":0,"470":0,"471":0,"472":0,"473":0,"474":0,"475":0,"476":0,"477":0,"478":0,"479":0,"480":0,"481":0,"482":0,"483":0,"484":0,"485":0,"486":0,"487":0,"488":0,"489":0,"490":0,"491":0,"492":0,"493":0,"494":0,"495":0,"496":0,"498":0,"501":0,"502":0,"503":0,"504":0,"505":0,"506":0,"507":0,"508":0,"509":0,"510":0,"511":0,"512":0,"513":0,"514":0,"515":0,"516":0,"517":0,"518":0,"519":0,"520":0,"521":0,"523":0,"524":0,"525":0,"526":0,"527":0,"528":0,"530":0,"531":0,"532":0,"533":0,"536":0,"537":0,"538":0,"539":0,"540":0,"543":0,"544":0,"545":0,"546":0,"547":0,"550":0,"551":0,"552":0,"553":0,"554":0,"557":0,"558":0,"559":0,"560":0,"561":0,"563":0,"564":0,"567":0,"568":0,"569":0,"570":0,"571":0,"572":0,"573":0,"574":0,"575":0,"576":0,"577":0,"578":0,"579":0,"580":0,"581":0,"582":0,"583":0,"584":0,"585":0,"586":0,"587":0,"588":0,"589":0,"590":0,"591":0,"592":0,"593":0,"594":0,"595":0,"596":0,"597":0,"598":0,"599":0,"600":0,"601":0,"602":0,"603":0,"604":0,"605":0,"606":0,"607":0,"608":0,"609":0,"610":0,"611":0,"612":0,"613":0,"614":0,"615":0,"616":0,"617":0,"618":0,"619":0,"620":0,"621":0,"622":0,"623":0,"624":0,"625":0,"626":0,"627":0,"628":0,"629":0,"630":0,"631":0,"633":0,"634":0,"635":0,"636":0,"637":0,"638":0,"639":0,"641":0,"643":0},"branchMap":{"0":{"type":"branch","line":1,"loc":{"start":{"line":1,"column":0},"end":{"line":644,"column":-5931}},"locations":[{"start":{"line":1,"column":0},"end":{"line":644,"column":-5931}}]}},"b":{"0":[0]},"fnMap":{"0":{"name":"(empty-report)","decl":{"start":{"line":1,"column":0},"end":{"line":644,"column":-5931}},"loc":{"start":{"line":1,"column":0},"end":{"line":644,"column":-5931}},"line":1}},"f":{"0":0}}
,"F:\\trae\\Muti_sheet-master\\apps\\web\\src\\main.tsx": {"path":"F:\\trae\\Muti_sheet-master\\apps\\web\\src\\main.tsx","all":true,"statementMap":{"0":{"start":{"line":1,"column":0},"end":{"line":1,"column":34}},"1":{"start":{"line":2,"column":0},"end":{"line":2,"column":45}},"2":{"start":{"line":3,"column":0},"end":{"line":3,"column":20}},"3":{"start":{"line":4,"column":0},"end":{"line":4,"column":28}},"4":{"start":{"line":5,"column":0},"end":{"line":5,"column":27}},"6":{"start":{"line":7,"column":0},"end":{"line":7,"column":51}},"8":{"start":{"line":9,"column":0},"end":{"line":9,"column":52}},"9":{"start":{"line":10,"column":0},"end":{"line":10,"column":14}},"10":{"start":{"line":11,"column":0},"end":{"line":11,"column":19}},"11":{"start":{"line":12,"column":0},"end":{"line":12,"column":13}},"12":{"start":{"line":13,"column":0},"end":{"line":13,"column":20}},"13":{"start":{"line":14,"column":0},"end":{"line":14,"column":16}},"14":{"start":{"line":15,"column":0},"end":{"line":15,"column":1}}},"s":{"0":0,"1":0,"2":0,"3":0,"4":0,"6":0,"8":0,"9":0,"10":0,"11":0,"12":0,"13":0,"14":0},"branchMap":{"0":{"type":"branch","line":1,"loc":{"start":{"line":1,"column":354},"end":{"line":15,"column":1}},"locations":[{"start":{"line":1,"column":354},"end":{"line":15,"column":1}}]}},"b":{"0":[0]},"fnMap":{"0":{"name":"(empty-report)","decl":{"start":{"line":1,"column":354},"end":{"line":15,"column":1}},"loc":{"start":{"line":1,"column":354},"end":{"line":15,"column":1}},"line":1}},"f":{"0":0}}
,"F:\\trae\\Muti_sheet-master\\apps\\web\\src\\components\\ColorRulesDrawer.tsx": {"path":"F:\\trae\\Muti_sheet-master\\apps\\web\\src\\components\\ColorRulesDrawer.tsx","all":true,"statementMap":{"0":{"start":{"line":1,"column":0},"end":{"line":1,"column":57}},"15":{"start":{"line":16,"column":0},"end":{"line":16,"column":43}},"16":{"start":{"line":17,"column":0},"end":{"line":17,"column":115}},"17":{"start":{"line":18,"column":0},"end":{"line":18,"column":2}},"18":{"start":{"line":19,"column":0},"end":{"line":19,"column":42}},"19":{"start":{"line":20,"column":0},"end":{"line":20,"column":142}},"20":{"start":{"line":21,"column":0},"end":{"line":21,"column":66}},"21":{"start":{"line":22,"column":0},"end":{"line":22,"column":2}},"23":{"start":{"line":24,"column":0},"end":{"line":24,"column":27}},"24":{"start":{"line":25,"column":0},"end":{"line":25,"column":78}},"25":{"start":{"line":26,"column":0},"end":{"line":26,"column":187}},"26":{"start":{"line":27,"column":0},"end":{"line":27,"column":2}},"29":{"start":{"line":30,"column":0},"end":{"line":30,"column":121}},"30":{"start":{"line":31,"column":0},"end":{"line":31,"column":65}},"31":{"start":{"line":32,"column":0},"end":{"line":32,"column":23}},"32":{"start":{"line":33,"column":0},"end":{"line":33,"column":29}},"33":{"start":{"line":34,"column":0},"end":{"line":34,"column":124}},"34":{"start":{"line":35,"column":0},"end":{"line":35,"column":24}},"35":{"start":{"line":36,"column":0},"end":{"line":36,"column":3}},"36":{"start":{"line":37,"column":0},"end":{"line":37,"column":83}},"37":{"start":{"line":38,"column":0},"end":{"line":38,"column":56}},"38":{"start":{"line":39,"column":0},"end":{"line":39,"column":96}},"39":{"start":{"line":40,"column":0},"end":{"line":40,"column":51}},"40":{"start":{"line":41,"column":0},"end":{"line":41,"column":2}},"42":{"start":{"line":43,"column":0},"end":{"line":43,"column":105}},"43":{"start":{"line":44,"column":0},"end":{"line":44,"column":55}},"44":{"start":{"line":45,"column":0},"end":{"line":45,"column":61}},"45":{"start":{"line":46,"column":0},"end":{"line":46,"column":53}},"46":{"start":{"line":47,"column":0},"end":{"line":47,"column":57}},"47":{"start":{"line":48,"column":0},"end":{"line":48,"column":61}},"48":{"start":{"line":49,"column":0},"end":{"line":49,"column":51}},"50":{"start":{"line":51,"column":0},"end":{"line":51,"column":67}},"51":{"start":{"line":52,"column":0},"end":{"line":52,"column":67}},"53":{"start":{"line":54,"column":0},"end":{"line":54,"column":94}},"54":{"start":{"line":55,"column":0},"end":{"line":55,"column":65}},"55":{"start":{"line":56,"column":0},"end":{"line":56,"column":74}},"56":{"start":{"line":57,"column":0},"end":{"line":57,"column":73}},"57":{"start":{"line":58,"column":0},"end":{"line":58,"column":50}},"58":{"start":{"line":59,"column":0},"end":{"line":59,"column":74}},"60":{"start":{"line":61,"column":0},"end":{"line":61,"column":51}},"61":{"start":{"line":62,"column":0},"end":{"line":62,"column":38}},"62":{"start":{"line":63,"column":0},"end":{"line":63,"column":50}},"63":{"start":{"line":64,"column":0},"end":{"line":64,"column":29}},"64":{"start":{"line":65,"column":0},"end":{"line":65,"column":32}},"65":{"start":{"line":66,"column":0},"end":{"line":66,"column":83}},"66":{"start":{"line":67,"column":0},"end":{"line":67,"column":73}},"67":{"start":{"line":68,"column":0},"end":{"line":68,"column":56}},"68":{"start":{"line":69,"column":0},"end":{"line":69,"column":33}},"69":{"start":{"line":70,"column":0},"end":{"line":70,"column":7}},"70":{"start":{"line":71,"column":0},"end":{"line":71,"column":35}},"72":{"start":{"line":73,"column":0},"end":{"line":73,"column":56}},"73":{"start":{"line":74,"column":0},"end":{"line":74,"column":41}},"74":{"start":{"line":75,"column":0},"end":{"line":75,"column":31}},"75":{"start":{"line":76,"column":0},"end":{"line":76,"column":46}},"76":{"start":{"line":77,"column":0},"end":{"line":77,"column":27}},"77":{"start":{"line":78,"column":0},"end":{"line":78,"column":16}},"78":{"start":{"line":79,"column":0},"end":{"line":79,"column":5}},"80":{"start":{"line":81,"column":0},"end":{"line":81,"column":25}},"82":{"start":{"line":83,"column":0},"end":{"line":83,"column":23}},"83":{"start":{"line":84,"column":0},"end":{"line":84,"column":101}},"85":{"start":{"line":86,"column":0},"end":{"line":86,"column":65}},"86":{"start":{"line":87,"column":0},"end":{"line":87,"column":50}},"87":{"start":{"line":88,"column":0},"end":{"line":88,"column":5}},"88":{"start":{"line":89,"column":0},"end":{"line":89,"column":14}},"89":{"start":{"line":90,"column":0},"end":{"line":90,"column":4}},"91":{"start":{"line":92,"column":0},"end":{"line":92,"column":10}},"92":{"start":{"line":93,"column":0},"end":{"line":93,"column":6}},"93":{"start":{"line":94,"column":0},"end":{"line":94,"column":50}},"94":{"start":{"line":95,"column":0},"end":{"line":95,"column":70}},"95":{"start":{"line":96,"column":0},"end":{"line":96,"column":98}},"96":{"start":{"line":97,"column":0},"end":{"line":97,"column":47}},"97":{"start":{"line":98,"column":0},"end":{"line":98,"column":49}},"98":{"start":{"line":99,"column":0},"end":{"line":99,"column":16}},"99":{"start":{"line":100,"column":0},"end":{"line":100,"column":119}},"101":{"start":{"line":102,"column":0},"end":{"line":102,"column":129}},"102":{"start":{"line":103,"column":0},"end":{"line":103,"column":17}},"103":{"start":{"line":104,"column":0},"end":{"line":104,"column":78}},"104":{"start":{"line":105,"column":0},"end":{"line":105,"column":86}},"105":{"start":{"line":106,"column":0},"end":{"line":106,"column":50}},"106":{"start":{"line":107,"column":0},"end":{"line":107,"column":47}},"107":{"start":{"line":108,"column":0},"end":{"line":108,"column":49}},"108":{"start":{"line":109,"column":0},"end":{"line":109,"column":23}},"109":{"start":{"line":110,"column":0},"end":{"line":110,"column":18}},"110":{"start":{"line":111,"column":0},"end":{"line":111,"column":17}},"111":{"start":{"line":112,"column":0},"end":{"line":112,"column":77}},"112":{"start":{"line":113,"column":0},"end":{"line":113,"column":85}},"113":{"start":{"line":114,"column":0},"end":{"line":114,"column":95}},"114":{"start":{"line":115,"column":0},"end":{"line":115,"column":23}},"115":{"start":{"line":116,"column":0},"end":{"line":116,"column":18}},"116":{"start":{"line":117,"column":0},"end":{"line":117,"column":17}},"117":{"start":{"line":118,"column":0},"end":{"line":118,"column":77}},"118":{"start":{"line":119,"column":0},"end":{"line":119,"column":95}},"119":{"start":{"line":120,"column":0},"end":{"line":120,"column":37}},"120":{"start":{"line":121,"column":0},"end":{"line":121,"column":79}},"121":{"start":{"line":122,"column":0},"end":{"line":122,"column":153}},"122":{"start":{"line":123,"column":0},"end":{"line":123,"column":19}},"123":{"start":{"line":124,"column":0},"end":{"line":124,"column":20}},"124":{"start":{"line":125,"column":0},"end":{"line":125,"column":18}},"125":{"start":{"line":126,"column":0},"end":{"line":126,"column":16}},"128":{"start":{"line":129,"column":0},"end":{"line":129,"column":32}},"129":{"start":{"line":130,"column":0},"end":{"line":130,"column":43}},"130":{"start":{"line":131,"column":0},"end":{"line":131,"column":79}},"131":{"start":{"line":132,"column":0},"end":{"line":132,"column":92}},"132":{"start":{"line":133,"column":0},"end":{"line":133,"column":73}},"133":{"start":{"line":134,"column":0},"end":{"line":134,"column":83}},"134":{"start":{"line":135,"column":0},"end":{"line":135,"column":87}},"135":{"start":{"line":136,"column":0},"end":{"line":136,"column":20}},"136":{"start":{"line":137,"column":0},"end":{"line":137,"column":18}},"139":{"start":{"line":140,"column":0},"end":{"line":140,"column":81}},"140":{"start":{"line":141,"column":0},"end":{"line":141,"column":47}},"141":{"start":{"line":142,"column":0},"end":{"line":142,"column":49}},"142":{"start":{"line":143,"column":0},"end":{"line":143,"column":16}},"144":{"start":{"line":145,"column":0},"end":{"line":145,"column":41}},"145":{"start":{"line":146,"column":0},"end":{"line":146,"column":88}},"146":{"start":{"line":147,"column":0},"end":{"line":147,"column":85}},"147":{"start":{"line":148,"column":0},"end":{"line":148,"column":71}},"148":{"start":{"line":149,"column":0},"end":{"line":149,"column":72}},"149":{"start":{"line":150,"column":0},"end":{"line":150,"column":18}},"150":{"start":{"line":151,"column":0},"end":{"line":151,"column":85}},"152":{"start":{"line":153,"column":0},"end":{"line":153,"column":107}},"153":{"start":{"line":154,"column":0},"end":{"line":154,"column":20}},"154":{"start":{"line":155,"column":0},"end":{"line":155,"column":33}},"155":{"start":{"line":156,"column":0},"end":{"line":156,"column":34}},"156":{"start":{"line":157,"column":0},"end":{"line":157,"column":34}},"157":{"start":{"line":158,"column":0},"end":{"line":158,"column":70}},"158":{"start":{"line":159,"column":0},"end":{"line":159,"column":131}},"159":{"start":{"line":160,"column":0},"end":{"line":160,"column":16}},"160":{"start":{"line":161,"column":0},"end":{"line":161,"column":30}},"161":{"start":{"line":162,"column":0},"end":{"line":162,"column":69}},"163":{"start":{"line":164,"column":0},"end":{"line":164,"column":67}},"164":{"start":{"line":165,"column":0},"end":{"line":165,"column":61}},"165":{"start":{"line":166,"column":0},"end":{"line":166,"column":20}},"166":{"start":{"line":167,"column":0},"end":{"line":167,"column":41}},"167":{"start":{"line":168,"column":0},"end":{"line":168,"column":71}},"168":{"start":{"line":169,"column":0},"end":{"line":169,"column":72}},"169":{"start":{"line":170,"column":0},"end":{"line":170,"column":18}},"170":{"start":{"line":171,"column":0},"end":{"line":171,"column":85}},"171":{"start":{"line":172,"column":0},"end":{"line":172,"column":63}},"172":{"start":{"line":173,"column":0},"end":{"line":173,"column":64}},"174":{"start":{"line":175,"column":0},"end":{"line":175,"column":41}},"175":{"start":{"line":176,"column":0},"end":{"line":176,"column":147}},"176":{"start":{"line":177,"column":0},"end":{"line":177,"column":109}},"177":{"start":{"line":178,"column":0},"end":{"line":178,"column":74}},"178":{"start":{"line":179,"column":0},"end":{"line":179,"column":62}},"179":{"start":{"line":180,"column":0},"end":{"line":180,"column":50}},"180":{"start":{"line":181,"column":0},"end":{"line":181,"column":98}},"181":{"start":{"line":182,"column":0},"end":{"line":182,"column":29}},"182":{"start":{"line":183,"column":0},"end":{"line":183,"column":27}},"183":{"start":{"line":184,"column":0},"end":{"line":184,"column":35}},"184":{"start":{"line":185,"column":0},"end":{"line":185,"column":54}},"185":{"start":{"line":186,"column":0},"end":{"line":186,"column":33}},"186":{"start":{"line":187,"column":0},"end":{"line":187,"column":48}},"187":{"start":{"line":188,"column":0},"end":{"line":188,"column":34}},"188":{"start":{"line":189,"column":0},"end":{"line":189,"column":35}},"189":{"start":{"line":190,"column":0},"end":{"line":190,"column":41}},"190":{"start":{"line":191,"column":0},"end":{"line":191,"column":74}},"191":{"start":{"line":192,"column":0},"end":{"line":192,"column":43}},"192":{"start":{"line":193,"column":0},"end":{"line":193,"column":71}},"193":{"start":{"line":194,"column":0},"end":{"line":194,"column":49}},"194":{"start":{"line":195,"column":0},"end":{"line":195,"column":48}},"195":{"start":{"line":196,"column":0},"end":{"line":196,"column":68}},"196":{"start":{"line":197,"column":0},"end":{"line":197,"column":67}},"197":{"start":{"line":198,"column":0},"end":{"line":198,"column":56}},"198":{"start":{"line":199,"column":0},"end":{"line":199,"column":27}},"200":{"start":{"line":201,"column":0},"end":{"line":201,"column":80}},"201":{"start":{"line":202,"column":0},"end":{"line":202,"column":126}},"202":{"start":{"line":203,"column":0},"end":{"line":203,"column":103}},"203":{"start":{"line":204,"column":0},"end":{"line":204,"column":53}},"204":{"start":{"line":205,"column":0},"end":{"line":205,"column":142}},"205":{"start":{"line":206,"column":0},"end":{"line":206,"column":142}},"206":{"start":{"line":207,"column":0},"end":{"line":207,"column":31}},"207":{"start":{"line":208,"column":0},"end":{"line":208,"column":131}},"208":{"start":{"line":209,"column":0},"end":{"line":209,"column":92}},"209":{"start":{"line":210,"column":0},"end":{"line":210,"column":111}},"210":{"start":{"line":211,"column":0},"end":{"line":211,"column":35}},"211":{"start":{"line":212,"column":0},"end":{"line":212,"column":109}},"212":{"start":{"line":213,"column":0},"end":{"line":213,"column":133}},"213":{"start":{"line":214,"column":0},"end":{"line":214,"column":82}},"214":{"start":{"line":215,"column":0},"end":{"line":215,"column":79}},"215":{"start":{"line":216,"column":0},"end":{"line":216,"column":31}},"216":{"start":{"line":217,"column":0},"end":{"line":217,"column":29}},"218":{"start":{"line":219,"column":0},"end":{"line":219,"column":22}},"219":{"start":{"line":220,"column":0},"end":{"line":220,"column":23}},"220":{"start":{"line":221,"column":0},"end":{"line":221,"column":21}},"222":{"start":{"line":223,"column":0},"end":{"line":223,"column":16}},"224":{"start":{"line":225,"column":0},"end":{"line":225,"column":78}},"226":{"start":{"line":227,"column":0},"end":{"line":227,"column":16}},"227":{"start":{"line":228,"column":0},"end":{"line":228,"column":14}},"228":{"start":{"line":229,"column":0},"end":{"line":229,"column":12}},"229":{"start":{"line":230,"column":0},"end":{"line":230,"column":20}},"230":{"start":{"line":231,"column":0},"end":{"line":231,"column":25}},"231":{"start":{"line":232,"column":0},"end":{"line":232,"column":25}},"232":{"start":{"line":233,"column":0},"end":{"line":233,"column":27}},"233":{"start":{"line":234,"column":0},"end":{"line":234,"column":44}},"234":{"start":{"line":235,"column":0},"end":{"line":235,"column":75}},"235":{"start":{"line":236,"column":0},"end":{"line":236,"column":10}},"237":{"start":{"line":238,"column":0},"end":{"line":238,"column":7}},"239":{"start":{"line":240,"column":0},"end":{"line":240,"column":1}},"241":{"start":{"line":242,"column":0},"end":{"line":242,"column":32}}},"s":{"0":0,"15":0,"16":0,"17":0,"18":0,"19":0,"20":0,"21":0,"23":0,"24":0,"25":0,"26":0,"29":0,"30":0,"31":0,"32":0,"33":0,"34":0,"35":0,"36":0,"37":0,"38":0,"39":0,"40":0,"42":0,"43":0,"44":0,"45":0,"46":0,"47":0,"48":0,"50":0,"51":0,"53":0,"54":0,"55":0,"56":0,"57":0,"58":0,"60":0,"61":0,"62":0,"63":0,"64":0,"65":0,"66":0,"67":0,"68":0,"69":0,"70":0,"72":0,"73":0,"74":0,"75":0,"76":0,"77":0,"78":0,"80":0,"82":0,"83":0,"85":0,"86":0,"87":0,"88":0,"89":0,"91":0,"92":0,"93":0,"94":0,"95":0,"96":0,"97":0,"98":0,"99":0,"101":0,"102":0,"103":0,"104":0,"105":0,"106":0,"107":0,"108":0,"109":0,"110":0,"111":0,"112":0,"113":0,"114":0,"115":0,"116":0,"117":0,"118":0,"119":0,"120":0,"121":0,"122":0,"123":0,"124":0,"125":0,"128":0,"129":0,"130":0,"131":0,"132":0,"133":0,"134":0,"135":0,"136":0,"139":0,"140":0,"141":0,"142":0,"144":0,"145":0,"146":0,"147":0,"148":0,"149":0,"150":0,"152":0,"153":0,"154":0,"155":0,"156":0,"157":0,"158":0,"159":0,"160":0,"161":0,"163":0,"164":0,"165":0,"166":0,"167":0,"168":0,"169":0,"170":0,"171":0,"172":0,"174":0,"175":0,"176":0,"177":0,"178":0,"179":0,"180":0,"181":0,"182":0,"183":0,"184":0,"185":0,"186":0,"187":0,"188":0,"189":0,"190":0,"191":0,"192":0,"193":0,"194":0,"195":0,"196":0,"197":0,"198":0,"200":0,"201":0,"202":0,"203":0,"204":0,"205":0,"206":0,"207":0,"208":0,"209":0,"210":0,"211":0,"212":0,"213":0,"214":0,"215":0,"216":0,"218":0,"219":0,"220":0,"222":0,"224":0,"226":0,"227":0,"228":0,"229":0,"230":0,"231":0,"232":0,"233":0,"234":0,"235":0,"237":0,"239":0,"241":0},"branchMap":{"0":{"type":"branch","line":1,"loc":{"start":{"line":1,"column":0},"end":{"line":242,"column":-5631}},"locations":[{"start":{"line":1,"column":0},"end":{"line":242,"column":-5631}}]}},"b":{"0":[0]},"fnMap":{"0":{"name":"(empty-report)","decl":{"start":{"line":1,"column":0},"end":{"line":242,"column":-5631}},"loc":{"start":{"line":1,"column":0},"end":{"line":242,"column":-5631}},"line":1}},"f":{"0":0}}
,"F:\\trae\\Muti_sheet-master\\apps\\web\\src\\components\\ConditionBuilder.tsx": {"path":"F:\\trae\\Muti_sheet-master\\apps\\web\\src\\components\\ConditionBuilder.tsx","all":true,"statementMap":{"0":{"start":{"line":1,"column":0},"end":{"line":1,"column":49}},"12":{"start":{"line":13,"column":0},"end":{"line":13,"column":43}},"13":{"start":{"line":14,"column":0},"end":{"line":14,"column":115}},"14":{"start":{"line":15,"column":0},"end":{"line":15,"column":2}},"15":{"start":{"line":16,"column":0},"end":{"line":16,"column":42}},"16":{"start":{"line":17,"column":0},"end":{"line":17,"column":104}},"17":{"start":{"line":18,"column":0},"end":{"line":18,"column":57}},"18":{"start":{"line":19,"column":0},"end":{"line":19,"column":2}},"20":{"start":{"line":21,"column":0},"end":{"line":21,"column":75}},"21":{"start":{"line":22,"column":0},"end":{"line":22,"column":31}},"22":{"start":{"line":23,"column":0},"end":{"line":23,"column":37}},"23":{"start":{"line":24,"column":0},"end":{"line":24,"column":31}},"24":{"start":{"line":25,"column":0},"end":{"line":25,"column":31}},"25":{"start":{"line":26,"column":0},"end":{"line":26,"column":36}},"26":{"start":{"line":27,"column":0},"end":{"line":27,"column":38}},"27":{"start":{"line":28,"column":0},"end":{"line":28,"column":2}},"29":{"start":{"line":30,"column":0},"end":{"line":30,"column":23}},"30":{"start":{"line":31,"column":0},"end":{"line":31,"column":10}},"31":{"start":{"line":32,"column":0},"end":{"line":32,"column":12}},"32":{"start":{"line":33,"column":0},"end":{"line":33,"column":11}},"33":{"start":{"line":34,"column":0},"end":{"line":34,"column":11}},"34":{"start":{"line":35,"column":0},"end":{"line":35,"column":4}},"39":{"start":{"line":40,"column":0},"end":{"line":40,"column":4}},"40":{"start":{"line":41,"column":0},"end":{"line":41,"column":10}},"41":{"start":{"line":42,"column":0},"end":{"line":42,"column":112}},"42":{"start":{"line":43,"column":0},"end":{"line":43,"column":110}},"43":{"start":{"line":44,"column":0},"end":{"line":44,"column":31}},"44":{"start":{"line":45,"column":0},"end":{"line":45,"column":65}},"45":{"start":{"line":46,"column":0},"end":{"line":46,"column":11}},"46":{"start":{"line":47,"column":0},"end":{"line":47,"column":15}},"47":{"start":{"line":48,"column":0},"end":{"line":48,"column":137}},"48":{"start":{"line":49,"column":0},"end":{"line":49,"column":32}},"49":{"start":{"line":50,"column":0},"end":{"line":50,"column":69}},"50":{"start":{"line":51,"column":0},"end":{"line":51,"column":11}},"51":{"start":{"line":52,"column":0},"end":{"line":52,"column":15}},"52":{"start":{"line":53,"column":0},"end":{"line":53,"column":129}},"53":{"start":{"line":54,"column":0},"end":{"line":54,"column":44}},"54":{"start":{"line":55,"column":0},"end":{"line":55,"column":10}},"56":{"start":{"line":57,"column":0},"end":{"line":57,"column":1}},"58":{"start":{"line":59,"column":0},"end":{"line":59,"column":22}},"59":{"start":{"line":60,"column":0},"end":{"line":60,"column":8}},"60":{"start":{"line":61,"column":0},"end":{"line":61,"column":10}},"61":{"start":{"line":62,"column":0},"end":{"line":62,"column":11}},"62":{"start":{"line":63,"column":0},"end":{"line":63,"column":4}},"66":{"start":{"line":67,"column":0},"end":{"line":67,"column":4}},"67":{"start":{"line":68,"column":0},"end":{"line":68,"column":10}},"68":{"start":{"line":69,"column":0},"end":{"line":69,"column":71}},"69":{"start":{"line":70,"column":0},"end":{"line":70,"column":69}},"70":{"start":{"line":71,"column":0},"end":{"line":71,"column":24}},"71":{"start":{"line":72,"column":0},"end":{"line":72,"column":136}},"72":{"start":{"line":73,"column":0},"end":{"line":73,"column":42}},"73":{"start":{"line":74,"column":0},"end":{"line":74,"column":40}},"74":{"start":{"line":75,"column":0},"end":{"line":75,"column":17}},"75":{"start":{"line":76,"column":0},"end":{"line":76,"column":188}},"76":{"start":{"line":77,"column":0},"end":{"line":77,"column":158}},"77":{"start":{"line":78,"column":0},"end":{"line":78,"column":12}},"78":{"start":{"line":79,"column":0},"end":{"line":79,"column":72}},"79":{"start":{"line":80,"column":0},"end":{"line":80,"column":46}},"80":{"start":{"line":81,"column":0},"end":{"line":81,"column":91}},"81":{"start":{"line":82,"column":0},"end":{"line":82,"column":46}},"82":{"start":{"line":83,"column":0},"end":{"line":83,"column":26}},"83":{"start":{"line":84,"column":0},"end":{"line":84,"column":46}},"84":{"start":{"line":85,"column":0},"end":{"line":85,"column":33}},"85":{"start":{"line":86,"column":0},"end":{"line":86,"column":37}},"86":{"start":{"line":87,"column":0},"end":{"line":87,"column":60}},"87":{"start":{"line":88,"column":0},"end":{"line":88,"column":39}},"88":{"start":{"line":89,"column":0},"end":{"line":89,"column":63}},"89":{"start":{"line":90,"column":0},"end":{"line":90,"column":18}},"90":{"start":{"line":91,"column":0},"end":{"line":91,"column":16}},"92":{"start":{"line":93,"column":0},"end":{"line":93,"column":27}},"93":{"start":{"line":94,"column":0},"end":{"line":94,"column":33}},"94":{"start":{"line":95,"column":0},"end":{"line":95,"column":45}},"95":{"start":{"line":96,"column":0},"end":{"line":96,"column":37}},"96":{"start":{"line":97,"column":0},"end":{"line":97,"column":60}},"97":{"start":{"line":98,"column":0},"end":{"line":98,"column":39}},"98":{"start":{"line":99,"column":0},"end":{"line":99,"column":63}},"99":{"start":{"line":100,"column":0},"end":{"line":100,"column":18}},"100":{"start":{"line":101,"column":0},"end":{"line":101,"column":33}},"101":{"start":{"line":102,"column":0},"end":{"line":102,"column":80}},"102":{"start":{"line":103,"column":0},"end":{"line":103,"column":63}},"103":{"start":{"line":104,"column":0},"end":{"line":104,"column":18}},"104":{"start":{"line":105,"column":0},"end":{"line":105,"column":16}},"106":{"start":{"line":107,"column":0},"end":{"line":107,"column":16}},"107":{"start":{"line":108,"column":0},"end":{"line":108,"column":11}},"108":{"start":{"line":109,"column":0},"end":{"line":109,"column":12}},"109":{"start":{"line":110,"column":0},"end":{"line":110,"column":10}},"111":{"start":{"line":112,"column":0},"end":{"line":112,"column":1}},"113":{"start":{"line":114,"column":0},"end":{"line":114,"column":94}},"114":{"start":{"line":115,"column":0},"end":{"line":115,"column":96}},"115":{"start":{"line":116,"column":0},"end":{"line":116,"column":85}},"116":{"start":{"line":117,"column":0},"end":{"line":117,"column":65}},"117":{"start":{"line":118,"column":0},"end":{"line":118,"column":6}},"119":{"start":{"line":120,"column":0},"end":{"line":120,"column":25}},"121":{"start":{"line":122,"column":0},"end":{"line":122,"column":10}},"122":{"start":{"line":123,"column":0},"end":{"line":123,"column":48}},"123":{"start":{"line":124,"column":0},"end":{"line":124,"column":68}},"124":{"start":{"line":125,"column":0},"end":{"line":125,"column":96}},"125":{"start":{"line":126,"column":0},"end":{"line":126,"column":44}},"126":{"start":{"line":127,"column":0},"end":{"line":127,"column":47}},"127":{"start":{"line":128,"column":0},"end":{"line":128,"column":14}},"128":{"start":{"line":129,"column":0},"end":{"line":129,"column":103}},"129":{"start":{"line":130,"column":0},"end":{"line":130,"column":39}},"130":{"start":{"line":131,"column":0},"end":{"line":131,"column":77}},"131":{"start":{"line":132,"column":0},"end":{"line":132,"column":14}},"132":{"start":{"line":133,"column":0},"end":{"line":133,"column":64}},"133":{"start":{"line":134,"column":0},"end":{"line":134,"column":62}},"134":{"start":{"line":135,"column":0},"end":{"line":135,"column":47}},"135":{"start":{"line":136,"column":0},"end":{"line":136,"column":14}},"136":{"start":{"line":137,"column":0},"end":{"line":137,"column":12}},"137":{"start":{"line":138,"column":0},"end":{"line":138,"column":10}},"139":{"start":{"line":140,"column":0},"end":{"line":140,"column":1}},"141":{"start":{"line":142,"column":0},"end":{"line":142,"column":32}}},"s":{"0":0,"12":0,"13":0,"14":0,"15":0,"16":0,"17":0,"18":0,"20":0,"21":0,"22":0,"23":0,"24":0,"25":0,"26":0,"27":0,"29":0,"30":0,"31":0,"32":0,"33":0,"34":0,"39":0,"40":0,"41":0,"42":0,"43":0,"44":0,"45":0,"46":0,"47":0,"48":0,"49":0,"50":0,"51":0,"52":0,"53":0,"54":0,"56":0,"58":0,"59":0,"60":0,"61":0,"62":0,"66":0,"67":0,"68":0,"69":0,"70":0,"71":0,"72":0,"73":0,"74":0,"75":0,"76":0,"77":0,"78":0,"79":0,"80":0,"81":0,"82":0,"83":0,"84":0,"85":0,"86":0,"87":0,"88":0,"89":0,"90":0,"92":0,"93":0,"94":0,"95":0,"96":0,"97":0,"98":0,"99":0,"100":0,"101":0,"102":0,"103":0,"104":0,"106":0,"107":0,"108":0,"109":0,"111":0,"113":0,"114":0,"115":0,"116":0,"117":0,"119":0,"121":0,"122":0,"123":0,"124":0,"125":0,"126":0,"127":0,"128":0,"129":0,"130":0,"131":0,"132":0,"133":0,"134":0,"135":0,"136":0,"137":0,"139":0,"141":0},"branchMap":{"0":{"type":"branch","line":1,"loc":{"start":{"line":1,"column":0},"end":{"line":142,"column":-3106}},"locations":[{"start":{"line":1,"column":0},"end":{"line":142,"column":-3106}}]}},"b":{"0":[0]},"fnMap":{"0":{"name":"(empty-report)","decl":{"start":{"line":1,"column":0},"end":{"line":142,"column":-3106}},"loc":{"start":{"line":1,"column":0},"end":{"line":142,"column":-3106}},"line":1}},"f":{"0":0}}
,"F:\\trae\\Muti_sheet-master\\apps\\web\\src\\components\\FieldDrawer.tsx": {"path":"F:\\trae\\Muti_sheet-master\\apps\\web\\src\\components\\FieldDrawer.tsx","all":true,"statementMap":{"0":{"start":{"line":1,"column":0},"end":{"line":1,"column":51}},"15":{"start":{"line":16,"column":0},"end":{"line":16,"column":60}},"16":{"start":{"line":17,"column":0},"end":{"line":17,"column":33}},"17":{"start":{"line":18,"column":0},"end":{"line":18,"column":35}},"18":{"start":{"line":19,"column":0},"end":{"line":19,"column":33}},"19":{"start":{"line":20,"column":0},"end":{"line":20,"column":35}},"20":{"start":{"line":21,"column":0},"end":{"line":21,"column":34}},"21":{"start":{"line":22,"column":0},"end":{"line":22,"column":33}},"22":{"start":{"line":23,"column":0},"end":{"line":23,"column":37}},"23":{"start":{"line":24,"column":0},"end":{"line":24,"column":2}},"25":{"start":{"line":26,"column":0},"end":{"line":26,"column":158}},"26":{"start":{"line":27,"column":0},"end":{"line":27,"column":54}},"27":{"start":{"line":28,"column":0},"end":{"line":28,"column":59}},"28":{"start":{"line":29,"column":0},"end":{"line":29,"column":75}},"30":{"start":{"line":31,"column":0},"end":{"line":31,"column":19}},"31":{"start":{"line":32,"column":0},"end":{"line":32,"column":31}},"32":{"start":{"line":33,"column":0},"end":{"line":33,"column":35}},"33":{"start":{"line":34,"column":0},"end":{"line":34,"column":45}},"34":{"start":{"line":35,"column":0},"end":{"line":35,"column":68}},"36":{"start":{"line":37,"column":0},"end":{"line":37,"column":37}},"38":{"start":{"line":39,"column":0},"end":{"line":39,"column":10}},"39":{"start":{"line":40,"column":0},"end":{"line":40,"column":86}},"41":{"start":{"line":42,"column":0},"end":{"line":42,"column":129}},"43":{"start":{"line":44,"column":0},"end":{"line":44,"column":247}},"44":{"start":{"line":45,"column":0},"end":{"line":45,"column":72}},"45":{"start":{"line":46,"column":0},"end":{"line":46,"column":67}},"46":{"start":{"line":47,"column":0},"end":{"line":47,"column":75}},"47":{"start":{"line":48,"column":0},"end":{"line":48,"column":14}},"48":{"start":{"line":49,"column":0},"end":{"line":49,"column":66}},"49":{"start":{"line":50,"column":0},"end":{"line":50,"column":56}},"50":{"start":{"line":51,"column":0},"end":{"line":51,"column":29}},"51":{"start":{"line":52,"column":0},"end":{"line":52,"column":98}},"52":{"start":{"line":53,"column":0},"end":{"line":53,"column":18}},"53":{"start":{"line":54,"column":0},"end":{"line":54,"column":56}},"54":{"start":{"line":55,"column":0},"end":{"line":55,"column":29}},"55":{"start":{"line":56,"column":0},"end":{"line":56,"column":118}},"56":{"start":{"line":57,"column":0},"end":{"line":57,"column":41}},"57":{"start":{"line":58,"column":0},"end":{"line":58,"column":78}},"58":{"start":{"line":59,"column":0},"end":{"line":59,"column":17}},"59":{"start":{"line":60,"column":0},"end":{"line":60,"column":21}},"60":{"start":{"line":61,"column":0},"end":{"line":61,"column":85}},"61":{"start":{"line":62,"column":0},"end":{"line":62,"column":18}},"62":{"start":{"line":63,"column":0},"end":{"line":63,"column":56}},"63":{"start":{"line":64,"column":0},"end":{"line":64,"column":29}},"64":{"start":{"line":65,"column":0},"end":{"line":65,"column":131}},"65":{"start":{"line":66,"column":0},"end":{"line":66,"column":18}},"66":{"start":{"line":67,"column":0},"end":{"line":67,"column":14}},"67":{"start":{"line":68,"column":0},"end":{"line":68,"column":141}},"68":{"start":{"line":69,"column":0},"end":{"line":69,"column":47}},"69":{"start":{"line":70,"column":0},"end":{"line":70,"column":17}},"70":{"start":{"line":71,"column":0},"end":{"line":71,"column":114}},"71":{"start":{"line":72,"column":0},"end":{"line":72,"column":28}},"72":{"start":{"line":73,"column":0},"end":{"line":73,"column":35}},"73":{"start":{"line":74,"column":0},"end":{"line":74,"column":117}},"74":{"start":{"line":75,"column":0},"end":{"line":75,"column":24}},"75":{"start":{"line":76,"column":0},"end":{"line":76,"column":14}},"76":{"start":{"line":77,"column":0},"end":{"line":77,"column":22}},"77":{"start":{"line":78,"column":0},"end":{"line":78,"column":14}},"78":{"start":{"line":79,"column":0},"end":{"line":79,"column":12}},"79":{"start":{"line":80,"column":0},"end":{"line":80,"column":10}},"81":{"start":{"line":82,"column":0},"end":{"line":82,"column":2}},"83":{"start":{"line":84,"column":0},"end":{"line":84,"column":27}}},"s":{"0":0,"15":0,"16":0,"17":0,"18":0,"19":0,"20":0,"21":0,"22":0,"23":0,"25":0,"26":0,"27":0,"28":0,"30":0,"31":0,"32":0,"33":0,"34":0,"36":0,"38":0,"39":0,"41":0,"43":0,"44":0,"45":0,"46":0,"47":0,"48":0,"49":0,"50":0,"51":0,"52":0,"53":0,"54":0,"55":0,"56":0,"57":0,"58":0,"59":0,"60":0,"61":0,"62":0,"63":0,"64":0,"65":0,"66":0,"67":0,"68":0,"69":0,"70":0,"71":0,"72":0,"73":0,"74":0,"75":0,"76":0,"77":0,"78":0,"79":0,"81":0,"83":0},"branchMap":{"0":{"type":"branch","line":1,"loc":{"start":{"line":1,"column":0},"end":{"line":84,"column":-1536}},"locations":[{"start":{"line":1,"column":0},"end":{"line":84,"column":-1536}}]}},"b":{"0":[0]},"fnMap":{"0":{"name":"(empty-report)","decl":{"start":{"line":1,"column":0},"end":{"line":84,"column":-1536}},"loc":{"start":{"line":1,"column":0},"end":{"line":84,"column":-1536}},"line":1}},"f":{"0":0}}
,"F:\\trae\\Muti_sheet-master\\apps\\web\\src\\components\\HeaderMenu.tsx": {"path":"F:\\trae\\Muti_sheet-master\\apps\\web\\src\\components\\HeaderMenu.tsx","all":true,"statementMap":{"0":{"start":{"line":1,"column":0},"end":{"line":1,"column":59}},"21":{"start":{"line":22,"column":0},"end":{"line":22,"column":249}},"22":{"start":{"line":23,"column":0},"end":{"line":23,"column":42}},"23":{"start":{"line":24,"column":0},"end":{"line":24,"column":52}},"24":{"start":{"line":25,"column":0},"end":{"line":25,"column":54}},"25":{"start":{"line":26,"column":0},"end":{"line":26,"column":95}},"28":{"start":{"line":29,"column":0},"end":{"line":29,"column":19}},"29":{"start":{"line":30,"column":0},"end":{"line":30,"column":22}},"30":{"start":{"line":31,"column":0},"end":{"line":31,"column":44}},"31":{"start":{"line":32,"column":0},"end":{"line":32,"column":35}},"32":{"start":{"line":33,"column":0},"end":{"line":33,"column":45}},"33":{"start":{"line":34,"column":0},"end":{"line":34,"column":24}},"34":{"start":{"line":35,"column":0},"end":{"line":35,"column":71}},"35":{"start":{"line":36,"column":0},"end":{"line":36,"column":21}},"36":{"start":{"line":37,"column":0},"end":{"line":37,"column":26}},"37":{"start":{"line":38,"column":0},"end":{"line":38,"column":6}},"38":{"start":{"line":39,"column":0},"end":{"line":39,"column":73}},"39":{"start":{"line":40,"column":0},"end":{"line":40,"column":70}},"40":{"start":{"line":41,"column":0},"end":{"line":41,"column":13}},"42":{"start":{"line":43,"column":0},"end":{"line":43,"column":10}},"43":{"start":{"line":44,"column":0},"end":{"line":44,"column":81}},"44":{"start":{"line":45,"column":0},"end":{"line":45,"column":11}},"45":{"start":{"line":46,"column":0},"end":{"line":46,"column":21}},"46":{"start":{"line":47,"column":0},"end":{"line":47,"column":65}},"47":{"start":{"line":48,"column":0},"end":{"line":48,"column":114}},"48":{"start":{"line":49,"column":0},"end":{"line":49,"column":15}},"49":{"start":{"line":50,"column":0},"end":{"line":50,"column":29}},"50":{"start":{"line":51,"column":0},"end":{"line":51,"column":220}},"51":{"start":{"line":52,"column":0},"end":{"line":52,"column":143}},"52":{"start":{"line":53,"column":0},"end":{"line":53,"column":143}},"53":{"start":{"line":54,"column":0},"end":{"line":54,"column":135}},"55":{"start":{"line":56,"column":0},"end":{"line":56,"column":27}},"56":{"start":{"line":57,"column":0},"end":{"line":57,"column":302}},"57":{"start":{"line":58,"column":0},"end":{"line":58,"column":36}},"58":{"start":{"line":59,"column":0},"end":{"line":59,"column":255}},"59":{"start":{"line":60,"column":0},"end":{"line":60,"column":19}},"60":{"start":{"line":61,"column":0},"end":{"line":61,"column":20}},"62":{"start":{"line":63,"column":0},"end":{"line":63,"column":16}},"63":{"start":{"line":64,"column":0},"end":{"line":64,"column":66}},"64":{"start":{"line":65,"column":0},"end":{"line":65,"column":145}},"65":{"start":{"line":66,"column":0},"end":{"line":66,"column":244}},"66":{"start":{"line":67,"column":0},"end":{"line":67,"column":66}},"67":{"start":{"line":68,"column":0},"end":{"line":68,"column":144}},"68":{"start":{"line":69,"column":0},"end":{"line":69,"column":145}},"69":{"start":{"line":70,"column":0},"end":{"line":70,"column":148}},"70":{"start":{"line":71,"column":0},"end":{"line":71,"column":66}},"71":{"start":{"line":72,"column":0},"end":{"line":72,"colu
[...]
":{"start":{"line":112,"column":0},"end":{"line":112,"column":36}},"114":{"start":{"line":115,"column":0},"end":{"line":115,"column":26}},"115":{"start":{"line":116,"column":0},"end":{"line":116,"column":29}},"116":{"start":{"line":117,"column":0},"end":{"line":117,"column":141}},"117":{"start":{"line":118,"column":0},"end":{"line":118,"column":15}},"118":{"start":{"line":119,"column":0},"end":{"line":119,"column":5}},"119":{"start":{"line":120,"column":0},"end":{"line":120,"column":28}},"120":{"start":{"line":121,"column":0},"end":{"line":121,"column":60}},"121":{"start":{"line":122,"column":0},"end":{"line":122,"column":63}},"122":{"start":{"line":123,"column":0},"end":{"line":123,"column":63}},"123":{"start":{"line":124,"column":0},"end":{"line":124,"column":65}},"124":{"start":{"line":125,"column":0},"end":{"line":125,"column":65}},"125":{"start":{"line":126,"column":0},"end":{"line":126,"column":5}},"126":{"start":{"line":127,"column":0},"end":{"line":127,"column":3}},"128":{"start":{"line":129,"column":0},"end":{"line":129,"column":27}},"129":{"start":{"line":130,"column":0},"end":{"line":130,"column":1}}},"s":{"0":1,"5":1,"6":20,"7":20,"9":31,"10":31,"11":31,"12":31,"13":20,"14":20,"16":1,"17":31,"18":31,"19":31,"20":31,"21":31,"24":31,"25":9,"26":9,"27":8,"28":8,"29":8,"30":8,"31":8,"32":0,"33":9,"34":31,"35":4,"36":4,"37":3,"38":3,"39":3,"40":3,"41":0,"42":4,"44":31,"45":31,"46":1,"47":1,"48":1,"49":31,"50":1,"51":1,"52":1,"53":31,"54":13,"55":13,"56":13,"57":7,"58":7,"59":13,"60":1,"61":1,"62":1,"63":3,"64":3,"65":31,"66":8,"67":8,"68":8,"69":2,"70":2,"71":8,"72":1,"73":1,"74":1,"75":4,"76":4,"77":31,"78":4,"79":3,"80":3,"81":31,"82":4,"83":3,"84":3,"85":31,"86":0,"87":31,"88":31,"90":1,"91":10,"92":14,"93":10,"94":10,"95":8,"96":2,"97":10,"99":1,"100":6,"101":6,"102":6,"103":6,"104":6,"105":6,"106":6,"107":6,"110":6,"111":6,"114":6,"115":10,"116":10,"117":2,"118":2,"119":10,"120":3,"121":5,"122":2,"123":2,"124":2,"125":2,"126":10,"128":6,"129":6},"branchMap":{"0":{"type":"branch","line":6,"loc":{"start":{"line":6,"column":7},"end":{"line":8,"column":1}},"locations":[{"start":{"line":6,"column":7},"end":{"line":8,"column":1}}]},"1":{"type":"branch","line":10,"loc":{"start":{"line":10,"column":0},"end":{"line":15,"column":1}},"locations":[{"start":{"line":10,"column":0},"end":{"line":15,"column":1}}]},"2":{"type":"branch","line":11,"loc":{"start":{"line":11,"column":21},"end":{"line":11,"column":31}},"locations":[{"start":{"line":11,"column":21},"end":{"line":11,"column":31}}]},"3":{"type":"branch","line":12,"loc":{"start":{"line":12,"column":28},"end":{"line":12,"column":41}},"locations":[{"start":{"line":12,"column":28},"end":{"line":12,"column":41}}]},"4":{"type":"branch","line":12,"loc":{"start":{"line":12,"column":35},"end":{"line":13,"column":40}},"locations":[{"start":{"line":12,"column":35},"end":{"line":13,"column":40}}]},"5":{"type":"branch","line":13,"loc":{"start":{"line":13,"column":33},"end":{"line":13,"column":46}},"locations":[{"start":{"line":13,"column":33},"end":{"line":13,"column":46}}]},"6":{"type":"branch","line":13,"loc":{"start":{"line":13,"column":40},"end":{"line":15,"column":1}},"locations":[{"start":{"line":13,"column":40},"end":{"line":15,"column":1}}]},"7":{"type":"branch","line":17,"loc":{"start":{"line":17,"column":7},"end":{"line":89,"column":1}},"locations":[{"start":{"line":17,"column":7},"end":{"line":89,"column":1}}]},"8":{"type":"branch","line":21,"loc":{"start":{"line":21,"column":22},"end":{"line":21,"column":34}},"locations":[{"start":{"line":21,"column":22},"end":{"line":21,"column":34}}]},"9":{"type":"branch","line":22,"loc":{"start":{"line":22,"column":47},"end":{"line":22,"column":62}},"locations":[{"start":{"line":22,"column":47},"end":{"line":22,"column":62}}]},"10":{"type":"branch","line":46,"loc":{"start":{"line":46,"column":4},"end":{"line":49,"column":5}},"locations":[{"start":{"line":46,"column":4},"end":{"line":49,"column":5}}]},"11":{"type":"branch","line":47,"loc":{"start":{"line":47,"column":28},"end":{"line":47,"column":50}},"locations":[{"start":{"line":47,"column":28},"end":{"line":47,"column":50}}]},"12":{"type":"branch","line":48,"loc":{"start":{"line":48,"column":19},"end":{"line":48,"column":35}},"locations":[{"start":{"line":48,"column":19},"end":{"line":48,"column":35}}]},"13":{"type":"branch","line":50,"loc":{"start":{"line":50,"column":4},"end":{"line":53,"column":5}},"locations":[{"start":{"line":50,"column":4},"end":{"line":53,"column":5}}]},"14":{"type":"branch","line":51,"loc":{"start":{"line":51,"column":28},"end":{"line":51,"column":48}},"locations":[{"start":{"line":51,"column":28},"end":{"line":51,"column":48}}]},"15":{"type":"branch","line":52,"loc":{"start":{"line":52,"column":21},"end":{"line":52,"column":38}},"locations":[{"start":{"line":52,"column":21},"end":{"line":52,"column":38}}]},"16":{"type":"branch","line":54,"loc":{"start":{"line":54,"column":4},"end":{"line":65,"column":5}},"locations":[{"start":{"line":54,"column":4},"end":{"line":65,"column":5}}]},"17":{"type":"branch","line":55,"loc":{"start":{"line":55,"column":33},"end":{"line":55,"column":69}},"locations":[{"start":{"line":55,"column":33},"end":{"line":55,"column":69}}]},"18":{"type":"branch","line":55,"loc":{"start":{"line":55,"column":67},"end":{"line":56,"column":38}},"locations":[{"start":{"line":55,"column":67},"end":{"line":56,"column":38}}]},"19":{"type":"branch","line":56,"loc":{"start":{"line":56,"column":31},"end":{"line":56,"column":76}},"locations":[{"start":{"line":56,"column":31},"end":{"line":56,"column":76}}]},"20":{"type":"branch","line":56,"loc":{"start":{"line":56,"column":74},"end":{"line":57,"column":35}},"locations":[{"start":{"line":56,"column":74},"end":{"line":57,"column":35}}]},"21":{"type":"branch","line":57,"loc":{"start":{"line":57,"column":23},"end":{"line":57,"column":58}},"locations":[{"start":{"line":57,"column":23},"end":{"line":57,"column":58}}]},"22":{"type":"branch","line":57,"loc":{"start":{"line":57,"column":48},"end":{"line":57,"column":83}},"locations":[{"start":{"line":57,"column":48},"end":{"line":57,"column":83}}]},"23":{"type":"branch","line":57,"loc":{"start":{"line":57,"column":83},"end":{"line":59,"column":7}},"locations":[{"start":{"line":57,"column":83},"end":{"line":59,"column":7}}]},"24":{"type":"branch","line":59,"loc":{"start":{"line":59,"column":6},"end":{"line":60,"column":38}},"locations":[{"start":{"line":59,"column":6},"end":{"line":60,"column":38}}]},"25":{"type":"branch","line":60,"loc":{"start":{"line":60,"column":38},"end":{"line":63,"column":7}},"locations":[{"start":{"line":60,"column":38},"end":{"line":63,"column":7}}]},"26":{"type":"branch","line":61,"loc":{"start":{"line":61,"column":31},"end":{"line":61,"column":44}},"locations":[{"start":{"line":61,"column":31},"end":{"line":61,"column":44}}]},"27":{"type":"branch","line":63,"loc":{"start":{"line":63,"column":6},"end":{"line":65,"column":5}},"locations":[{"start":{"line":63,"column":6},"end":{"line":65,"column":5}}]},"28":{"type":"branch","line":66,"loc":{"start":{"line":66,"column":4},"end":{"line":77,"column":5}},"locations":[{"start":{"line":66,"column":4},"end":{"line":77,"column":5}}]},"29":{"type":"branch","line":67,"loc":{"start":{"line":67,"column":33},"end":{"line":67,"column":75}},"locations":[{"start":{"line":67,"column":33},"end":{"line":67,"column":75}}]},"30":{"type":"branch","line":68,"loc":{"start":{"line":68,"column":31},"end":{"line":68,"column":93}},"locations":[{"start":{"line":68,"column":31},"end":{"line":68,"column":93}}]},"31":{"type":"branch","line":68,"loc":{"start":{"line":68,"column":91},"end":{"line":69,"column":35}},"locations":[{"start":{"line":68,"column":91},"end":{"line":69,"column":35}}]},"32":{"type":"branch","line":69,"loc":{"start":{"line":69,"column":23},"end":{"line":69,"column":58}},"locations":[{"start":{"line":69,"column":23},"end":{"line":69,"column":58}}]},"33":{"type":"branch","line":69,"loc":{"start":{"line":69,"column":48},"end":{"line":69,"column":83}},"locations":[{"start":{"line":69,"column":48},"end":{"line":69,"column":83}}]},"34":{"type":"branch","line":69,"loc":{"start":{"line":69,"column":83},"end":{"line":71,"column":7}},"locations":[{"start":{"line":69,"column":83},"end":{"line":71,"column":7}}]},"35":{"type":"branch","line":71,"loc":{"start":{"line":71,"column":6},"end":{"line":72,"column":38}},"locations":[{"start":{"line":71,"column":6},"end":{"line":72,"column":38}}]},"36":{"type":"branch","line":72,"loc":{"start":{"line":72,"column":38},"end":{"line":75,"column":7}},"locations":[{"start":{"line":72,"column":38},"end":{"line":75,"column":7}}]},"37":{"type":"branch","line":73,"loc":{"start":{"line":73,"column":31},"end":{"line":73,"column":44}},"locations":[{"start":{"line":73,"column":31},"end":{"line":73,"column":44}}]},"38":{"type":"branch","line":75,"loc":{"start":{"line":75,"column":6},"end":{"line":77,"column":5}},"locations":[{"start":{"line":75,"column":6},"end":{"line":77,"column":5}}]},"39":{"type":"branch","line":78,"loc":{"start":{"line":78,"column":4},"end":{"line":81,"column":5}},"locations":[{"start":{"line":78,"column":4},"end":{"line":81,"column":5}}]},"40":{"type":"branch","line":79,"loc":{"start":{"line":79,"column":31},"end":{"line":79,"column":77}},"locations":[{"start":{"line":79,"column":31},"end":{"line":79,"column":77}}]},"41":{"type":"branch","line":79,"loc":{"start":{"line":79,"column":75},"end":{"line":81,"column":5}},"locations":[{"start":{"line":79,"column":75},"end":{"line":81,"column":5}}]},"42":{"type":"branch","line":82,"loc":{"start":{"line":82,"column":4},"end":{"line":85,"column":5}},"locations":[{"start":{"line":82,"column":4},"end":{"line":85,"column":5}}]},"43":{"type":"branch","line":83,"loc":{"start":{"line":83,"column":31},"end":{"line":83,"column":78}},"locations":[{"start":{"line":83,"column":31},"end":{"line":83,"column":78}}]},"44":{"type":"branch","line":83,"loc":{"start":{"line":83,"column":76},"end":{"line":85,"column":5}},"locations":[{"start":{"line":83,"column":76},"end":{"line":85,"column":5}}]},"45":{"type":"branch","line":86,"loc":{"start":{"line":86,"column":4},"end":{"line":87,"column":19}},"locations":[{"start":{"line":86,"column":4},"end":{"line":87,"column":19}}]},"46":{"type":"branch","line":25,"loc":{"start":{"line":25,"column":19},"end":{"line":34,"column":4}},"locations":[{"start":{"line":25,"column":19},"end":{"line":34,"column":4}}]},"47":{"type":"branch","line":26,"loc":{"start":{"line":26,"column":24},"end":{"line":26,"column":37}},"locations":[{"start":{"line":26,"column":24},"end":{"line":26,"column":37}}]},"48":{"type":"branch","line":27,"loc":{"start":{"line":27,"column":36},"end":{"line":27,"column":100}},"locations":[{"start":{"line":27,"column":36},"end":{"line":27,"column":100}}]},"49":{"type":"branch","line":27,"loc":{"start":{"line":27,"column":98},"end":{"line":32,"column":5}},"locations":[{"start":{"line":27,"column":98},"end":{"line":32,"column":5}}]},"50":{"type":"branch","line":29,"loc":{"start":{"line":29,"column":27},"end":{"line":29,"column":51}},"locations":[{"start":{"line":29,"column":27},"end":{"line":29,"column":51}}]},"51":{"type":"branch","line":29,"loc":{"start":{"line":29,"column":43},"end":{"line":29,"column":67}},"locations":[{"start":{"line":29,"column":43},"end":{"line":29,"column":67}}]},"52":{"type":"branch","line":29,"loc":{"start":{"line":29,"column":58},"end":{"line":29,"column":70}},"locations":[{"start":{"line":29,"column":58},"end":{"line":29,"column":70}}]},"53":{"type":"branch","line":30,"loc":{"start":{"line":30,"column":24},"end":{"line":30,"column":46}},"locations":[{"start":{"line":30,"column":24},"end":{"line":30,"column":46}}]},"54":{"type":"branch","line":30,"loc":{"start":{"line":30,"column":37},"end":{"line":30,"column":49}},"locations":[{"start":{"line":30,"column":37},"end":{"line":30,"column":49}}]},"55":{"type":"branch","line":31,"loc":{"start":{"line":31,"column":23},"end":{"line":31,"column":37}},"locations":[{"start":{"line":31,"column":23},"end":{"line":31,"column":37}}]},"56":{"type":"branch","line":32,"loc":{"start":{"line":32,"column":4},"end":{"line":33,"column":17}},"locations":[{"start":{"line":32,"column":4},"end":{"line":33,"column":17}}]},"57":{"type":"branch","line":35,"loc":{"start":{"line":35,"column":25},"end":{"line":43,"column":4}},"locations":[{"start":{"line":35,"column":25},"end":{"line":43,"column":4}}]},"58":{"type":"branch","line":36,"loc":{"start":{"line":36,"column":24},"end":{"line":36,"column":37}},"locations":[{"start":{"line":36,"column":24},"end":{"line":36,"column":37}}]},"59":{"type":"branch","line":37,"loc":{"start":{"line":37,"column":36},"end":{"line":37,"column":90}},"locations":[{"start":{"line":37,"column":36},"end":{"line":37,"column":90}}]},"60":{"type":"branch","line":37,"loc":{"start":{"line":37,"column":88},"end":{"line":41,"column":5}},"locations":[{"start":{"line":37,"column":88},"end":{"line":41,"column":5}}]},"61":{"type":"branch","line":39,"loc":{"start":{"line":39,"column":27},"end":{"line":39,"column":51}},"locations":[{"start":{"line":39,"column":27},"end":{"line":39,"column":51}}]},"62":{"type":"branch","line":39,"loc":{"start":{"line":39,"column":43},"end":{"line":39,"column":67}},"locations":[{"start":{"line":39,"column":43},"end":{"line":39,"column":67}}]},"63":{"type":"branch","line":39,"loc":{"start":{"line":39,"column":58},"end":{"line":39,"column":70}},"locations":[{"start":{"line":39,"column":58},"end":{"line":39,"column":70}}]},"64":{"type":"branch","line":41,"loc":{"start":{"line":41,"column":4},"end":{"line":42,"column":17}},"locations":[{"start":{"line":41,"column":4},"end":{"line":42,"column":17}}]},"65":{"type":"branch","line":62,"loc":{"start":{"line":62,"column":22},"end":{"line":62,"column":52}},"locations":[{"start":{"line":62,"column":22},"end":{"line":62,"column":52}}]},"66":{"type":"branch","line":74,"loc":{"start":{"line":74,"column":22},"end":{"line":74,"column":58}},"locations":[{"start":{"line":74,"column":22},"end":{"line":74,"column":58}}]},"67":{"type":"branch","line":91,"loc":{"start":{"line":91,"column":7},"end":{"line":98,"column":1}},"locations":[{"start":{"line":91,"column":7},"end":{"line":98,"column":1}}]},"68":{"type":"branch","line":95,"loc":{"start":{"line":95,"column":28},"end":{"line":96,"column":28}},"locations":[{"start":{"line":95,"column":28},"end":{"line":96,"column":28}}]},"69":{"type":"branch","line":96,"loc":{"start":{"line":96,"column":27},"end":{"line":97,"column":28}},"locations":[{"start":{"line":96,"column":27},"end":{"line":97,"column":28}}]},"70":{"type":"branch","line":92,"loc":{"start":{"line":92,"column":39},"end":{"line":93,"column":88}},"locations":[{"start":{"line":92,"column":39},"end":{"line":93,"column":88}}]},"71":{"type":"branch","line":93,"loc":{"start":{"line":93,"column":13},"end":{"line":93,"column":52}},"locations":[{"start":{"line":93,"column":13},"end":{"line":93,"column":52}}]},"72":{"type":"branch","line":93,"loc":{"start":{"line":93,"column":48},"end":{"line":93,"column":88}},"locations":[{"start":{"line":93,"column":48},"end":{"line":93,"column":88}}]},"73":{"type":"branch","line":100,"loc":{"start":{"line":100,"column":7},"end":{"line":130,"column":1}},"locations":[{"start":{"line":100,"column":7},"end":{"line":130,"column":1}}]},"74":{"type":"branch","line":112,"loc":{"start":{"line":112,"column":17},"end":{"line":112,"column":36}},"locations":[{"start":{"line":112,"column":17},"end":{"line":112,"column":36}}]},"75":{"type":"branch","line":115,"loc":{"start":{"line":115,"column":25},"end":{"line":127,"column":3}},"locations":[{"start":{"line":115,"column":25},"end":{"line":127,"column":3}}]},"76":{"type":"branch","line":116,"loc":{"start":{"line":116,"column":20},"end":{"line":116,"column":29}},"locations":[{"start":{"line":116,"column":20},"end":{"line":116,"column":29}}]},"77":{"type":"branch","line":116,"loc":{"start":{"line":116,"column":20},"end":{"line":117,"column":23}},"locations":[{"start":{"line":116,"column":20},"end":{"line":117,"column":23}}]},"78":{"type":"branch","line":117,"loc":{"start":{"line":117,"column":10},"end":{"line":117,"column":140}},"locations":[{"start":{"line":117,"column":10},"end":{"line":117,"column":140}}]},"79":{"type":"branch","line":117,"loc":{"start":{"line":117,"column":61},"end":{"line":117,"column":79}},"locations":[{"start":{"line":117,"column":61},"end":{"line":117,"column":79}}]},"80":{"type":"branch","line":117,"loc":{"start":{"line":117,"column":140},"end":{"line":120,"column":27}},"locations":[{"start":{"line":117,"column":140},"end":{"line":120,"column":27}}]},"81":{"type":"branch","line":117,"loc":{"start":{"line":117,"column":140},"end":{"line":119,"column":5}},"locations":[{"start":{"line":117,"column":140},"end":{"line":119,"column":5}}]},"82":{"type":"branch","line":119,"loc":{"start":{"line":119,"column":4},"end":{"line":120,"column":27}},"locations":[{"start":{"line":119,"column":4},"end":{"line":120,"column":27}}]},"83":{"type":"branch","line":120,"loc":{"start":{"line":120,"column":27},"end":{"line":126,"column":5}},"locations":[{"start":{"line":120,"column":27},"end":{"line":126,"column":5}}]},"84":{"type":"branch","line":120,"loc":{"start":{"line":120,"column":27},"end":{"line":122,"column":15}},"locations":[{"start":{"line":120,"column":27},"end":{"line":122,"column":15}}]},"85":{"type":"branch","line":122,"loc":{"start":{"line":122,"column":4},"end":{"line":126,"column":5}},"locations":[{"start":{"line":122,"column":4},"end":{"line":126,"column":5}}]},"86":{"type":"branch","line":122,"loc":{"start":{"line":122,"column":27},"end":{"line":122,"column":62}},"locations":[{"start":{"line":122,"column":27},"end":{"line":122,"column":62}}]},"87":{"type":"branch","line":122,"loc":{"start":{"line":122,"column":62},"end":{"line":126,"column":5}},"locations":[{"start":{"line":122,"column":62},"end":{"line":126,"column":5}}]}},"b":{"0":[20],"1":[31],"2":[0],"3":[2],"4":[29],"5":[9],"6":[20],"7":[31],"8":[2],"9":[0],"10":[1],"11":[0],"12":[0],"13":[1],"14":[0],"15":[0],"16":[13],"17":[1],"18":[12],"19":[1],"20":[11],"21":[6],"22":[4],"23":[7],"24":[4],"25":[1],"26":[0],"27":[3],"28":[8],"29":[0],"30":[1],"31":[7],"32":[6],"33":[5],"34":[2],"35":[5],"36":[1],"37":[0],"38":[4],"39":[4],"40":[1],"41":[3],"42":[4],"43":[1],"44":[3],"45":[0],"46":[9],"47":[0],"48":[1],"49":[8],"50":[2],"51":[0],"52":[0],"53":[0],"54":[0],"55":[7],"56":[0],"57":[4],"58":[0],"59":[1],"60":[3],"61":[1],"62":[0],"63":[0],"64":[0],"65":[2],"66":[2],"67":[10],"68":[8],"69":[2],"70":[14],"71":[1],"72":[13],"73":[6],"74":[4],"75":[10],"76":[1],"77":[9],"78":[6],"79":[0],"80":[9],"81":[2],"82":[7],"83":[5],"84":[3],"85":[4],"86":[2],"87":[2]},"fnMap":{"0":{"name":"isGroup","decl":{"start":{"line":6,"column":7},"end":{"line":8,"column":1}},"loc":{"start":{"line":6,"column":7},"end":{"line":8,"column":1}},"line":6},"1":{"name":"normalize","decl":{"start":{"line":10,"column":0},"end":{"line":15,"column":1}},"loc":{"start":{"line":10,"column":0},"end":{"line":15,"column":1}},"line":10},"2":{"name":"matchesCondition","decl":{"start":{"line":17,"column":7},"end":{"line":89,"column":1}},"loc":{"start":{"line":17,"column":7},"end":{"line":89,"column":1}},"line":17},"3":{"name":"eqSelect","decl":{"start":{"line":25,"column":19},"end":{"line":34,"column":4}},"loc":{"start":{"line":25,"column":19},"end":{"line":34,"column":4}},"line":25},"4":{"name":"containsSelect","decl":{"start":{"line":35,"column":25},"end":{"line":43,"column":4}},"loc":{"start":{"line":35,"column":25},"end":{"line":43,"column":4}},"line":35},"5":{"name":"matchesGroup","decl":{"start":{"line":91,"column":7},"end":{"line":98,"column":1}},"loc":{"start":{"line":91,"column":7},"end":{"line":98,"column":1}},"line":91},"6":{"name":"applyColorBackground","decl":{"start":{"line":100,"column":7},"end":{"line":130,"column":1}},"loc":{"start":{"line":100,"column":7},"end":{"line":130,"column":1}},"line":100}},"f":{"0":20,"1":31,"2":31,"3":9,"4":4,"5":10,"6":6}}
}
